{"/home/travis/build/npmtest/node-npmtest-updtr/test.js":{"path":"/home/travis/build/npmtest/node-npmtest-updtr/test.js","s":{"1":2,"2":2,"3":2,"4":2,"5":2,"6":2,"7":2,"8":1,"9":2,"10":2,"11":1,"12":1,"13":1,"14":1,"15":2,"16":2,"17":2,"18":2,"19":1,"20":1,"21":2,"22":2,"23":2,"24":1,"25":1,"26":1,"27":1,"28":1,"29":1,"30":1,"31":1,"32":1,"33":1,"34":1,"35":1,"36":1,"37":1,"38":1,"39":2,"40":2,"41":1,"42":2,"43":2,"44":1,"45":2,"46":2,"47":1,"48":2,"49":2,"50":1,"51":1,"52":1,"53":1,"54":1},"b":{"1":[2,1,1,1],"2":[1,1,1,1],"3":[1,1],"4":[1,1],"5":[1,1],"6":[1,1],"7":[1,1],"8":[1,1],"9":[1,1],"10":[1,1,1],"11":[1,1],"12":[1,1],"13":[1,1],"14":[1,1],"15":[1,1],"16":[1,1],"17":[1,1]},"f":{"1":2,"2":2,"3":2,"4":2,"5":2,"6":1,"7":1,"8":1,"9":2,"10":2,"11":2,"12":2,"13":1},"fnMap":{"1":{"name":"(anonymous_1)","line":12,"loc":{"start":{"line":12,"column":1},"end":{"line":12,"column":13}}},"2":{"name":"(anonymous_2)","line":19,"loc":{"start":{"line":19,"column":5},"end":{"line":19,"column":17}}},"3":{"name":"(anonymous_3)","line":23,"loc":{"start":{"line":23,"column":24},"end":{"line":23,"column":36}}},"4":{"name":"(anonymous_4)","line":61,"loc":{"start":{"line":61,"column":5},"end":{"line":61,"column":17}}},"5":{"name":"(anonymous_5)","line":82,"loc":{"start":{"line":82,"column":5},"end":{"line":82,"column":17}}},"6":{"name":"(anonymous_6)","line":91,"loc":{"start":{"line":91,"column":77},"end":{"line":94,"column":10}}},"7":{"name":"(anonymous_7)","line":112,"loc":{"start":{"line":112,"column":83},"end":{"line":115,"column":10}},"skip":true},"8":{"name":"(anonymous_8)","line":123,"loc":{"start":{"line":123,"column":77},"end":{"line":126,"column":10}},"skip":true},"9":{"name":"(anonymous_9)","line":139,"loc":{"start":{"line":139,"column":12},"end":{"line":139,"column":40}},"skip":true},"10":{"name":"(anonymous_10)","line":147,"loc":{"start":{"line":147,"column":77},"end":{"line":150,"column":10}},"skip":true},"11":{"name":"(anonymous_11)","line":158,"loc":{"start":{"line":158,"column":83},"end":{"line":161,"column":10}},"skip":true},"12":{"name":"(anonymous_12)","line":169,"loc":{"start":{"line":169,"column":79},"end":{"line":172,"column":10}},"skip":true},"13":{"name":"(anonymous_13)","line":180,"loc":{"start":{"line":180,"column":75},"end":{"line":183,"column":10}},"skip":true}},"statementMap":{"1":{"start":{"line":12,"column":0},"end":{"line":195,"column":5}},"2":{"start":{"line":14,"column":4},"end":{"line":14,"column":14}},"3":{"start":{"line":19,"column":4},"end":{"line":56,"column":9}},"4":{"start":{"line":21,"column":8},"end":{"line":21,"column":19}},"5":{"start":{"line":23,"column":8},"end":{"line":35,"column":13}},"6":{"start":{"line":24,"column":12},"end":{"line":34,"column":13}},"7":{"start":{"line":25,"column":16},"end":{"line":28,"column":30}},"8":{"start":{"line":30,"column":16},"end":{"line":33,"column":27}},"9":{"start":{"line":37,"column":8},"end":{"line":39,"column":21}},"10":{"start":{"line":40,"column":8},"end":{"line":53,"column":9}},"11":{"start":{"line":43,"column":12},"end":{"line":46,"column":14}},"12":{"start":{"line":47,"column":12},"end":{"line":47,"column":18}},"13":{"start":{"line":50,"column":12},"end":{"line":51,"column":46}},"14":{"start":{"line":52,"column":12},"end":{"line":52,"column":18}},"15":{"start":{"line":55,"column":8},"end":{"line":55,"column":35}},"16":{"start":{"line":61,"column":4},"end":{"line":63,"column":9}},"17":{"start":{"line":62,"column":8},"end":{"line":62,"column":15}},"18":{"start":{"line":64,"column":4},"end":{"line":77,"column":5}},"19":{"start":{"line":70,"column":8},"end":{"line":70,"column":14}},"20":{"start":{"line":76,"column":8},"end":{"line":76,"column":14}},"21":{"start":{"line":82,"column":4},"end":{"line":84,"column":9}},"22":{"start":{"line":83,"column":8},"end":{"line":83,"column":15}},"23":{"start":{"line":85,"column":4},"end":{"line":194,"column":5}},"24":{"start":{"line":91,"column":8},"end":{"line":99,"column":10}},"25":{"start":{"line":98,"column":12},"end":{"line":98,"column":35}},"26":{"start":{"line":102,"column":8},"end":{"line":104,"column":63}},"27":{"start":{"line":105,"column":8},"end":{"line":105,"column":14}},"28":{"start":{"line":112,"column":8},"end":{"line":121,"column":10},"skip":true},"29":{"start":{"line":119,"column":12},"end":{"line":119,"column":55},"skip":true},"30":{"start":{"line":120,"column":12},"end":{"line":120,"column":48},"skip":true},"31":{"start":{"line":123,"column":8},"end":{"line":136,"column":10},"skip":true},"32":{"start":{"line":130,"column":12},"end":{"line":130,"column":76},"skip":true},"33":{"start":{"line":131,"column":12},"end":{"line":131,"column":73},"skip":true},"34":{"start":{"line":132,"column":12},"end":{"line":132,"column":74},"skip":true},"35":{"start":{"line":133,"column":12},"end":{"line":133,"column":79},"skip":true},"36":{"start":{"line":134,"column":12},"end":{"line":134,"column":25},"skip":true},"37":{"start":{"line":135,"column":12},"end":{"line":135,"column":45},"skip":true},"38":{"start":{"line":138,"column":8},"end":{"line":145,"column":14},"skip":true},"39":{"start":{"line":143,"column":16},"end":{"line":143,"column":29},"skip":true},"40":{"start":{"line":144,"column":16},"end":{"line":144,"column":55},"skip":true},"41":{"start":{"line":147,"column":8},"end":{"line":156,"column":10},"skip":true},"42":{"start":{"line":154,"column":12},"end":{"line":154,"column":25},"skip":true},"43":{"start":{"line":155,"column":12},"end":{"line":155,"column":45},"skip":true},"44":{"start":{"line":158,"column":8},"end":{"line":167,"column":10},"skip":true},"45":{"start":{"line":165,"column":12},"end":{"line":165,"column":25},"skip":true},"46":{"start":{"line":166,"column":12},"end":{"line":166,"column":48},"skip":true},"47":{"start":{"line":169,"column":8},"end":{"line":178,"column":10},"skip":true},"48":{"start":{"line":176,"column":12},"end":{"line":176,"column":25},"skip":true},"49":{"start":{"line":177,"column":12},"end":{"line":177,"column":46},"skip":true},"50":{"start":{"line":180,"column":8},"end":{"line":189,"column":10},"skip":true},"51":{"start":{"line":187,"column":12},"end":{"line":187,"column":94},"skip":true},"52":{"start":{"line":188,"column":12},"end":{"line":188,"column":48},"skip":true},"53":{"start":{"line":192,"column":8},"end":{"line":192,"column":35},"skip":true},"54":{"start":{"line":193,"column":8},"end":{"line":193,"column":14},"skip":true}},"branchMap":{"1":{"line":25,"type":"binary-expr","locations":[{"start":{"line":25,"column":23},"end":{"line":25,"column":62}},{"start":{"line":26,"column":20},"end":{"line":26,"column":70}},{"start":{"line":27,"column":20},"end":{"line":27,"column":71}},{"start":{"line":28,"column":20},"end":{"line":28,"column":29}}]},"2":{"line":30,"type":"binary-expr","locations":[{"start":{"line":30,"column":23},"end":{"line":30,"column":37}},{"start":{"line":31,"column":20},"end":{"line":31,"column":61}},{"start":{"line":32,"column":20},"end":{"line":32,"column":70}},{"start":{"line":33,"column":20},"end":{"line":33,"column":26}}]},"3":{"line":37,"type":"cond-expr","locations":[{"start":{"line":38,"column":14},"end":{"line":38,"column":20}},{"start":{"line":39,"column":14},"end":{"line":39,"column":20}}]},"4":{"line":40,"type":"switch","locations":[{"start":{"line":42,"column":8},"end":{"line":47,"column":18}},{"start":{"line":49,"column":8},"end":{"line":52,"column":18}}]},"5":{"line":44,"type":"binary-expr","locations":[{"start":{"line":44,"column":16},"end":{"line":44,"column":44}},{"start":{"line":44,"column":48},"end":{"line":44,"column":66}}]},"6":{"line":50,"type":"binary-expr","locations":[{"start":{"line":50,"column":21},"end":{"line":50,"column":49}},{"start":{"line":50,"column":53},"end":{"line":50,"column":72}}]},"7":{"line":64,"type":"switch","locations":[{"start":{"line":69,"column":4},"end":{"line":70,"column":14}},{"start":{"line":75,"column":4},"end":{"line":76,"column":14}}]},"8":{"line":85,"type":"switch","locations":[{"start":{"line":90,"column":4},"end":{"line":105,"column":14}},{"start":{"line":111,"column":4},"end":{"line":193,"column":14},"skip":true}]},"9":{"line":91,"type":"binary-expr","locations":[{"start":{"line":91,"column":42},"end":{"line":91,"column":73}},{"start":{"line":91,"column":77},"end":{"line":99,"column":9}}]},"10":{"line":102,"type":"binary-expr","locations":[{"start":{"line":102,"column":18},"end":{"line":102,"column":32}},{"start":{"line":103,"column":12},"end":{"line":103,"column":53}},{"start":{"line":104,"column":12},"end":{"line":104,"column":61}}]},"11":{"line":112,"type":"binary-expr","locations":[{"start":{"line":112,"column":45},"end":{"line":112,"column":79},"skip":true},{"start":{"line":112,"column":83},"end":{"line":121,"column":9},"skip":true}]},"12":{"line":123,"type":"binary-expr","locations":[{"start":{"line":123,"column":42},"end":{"line":123,"column":73},"skip":true},{"start":{"line":123,"column":77},"end":{"line":136,"column":9},"skip":true}]},"13":{"line":138,"type":"binary-expr","locations":[{"start":{"line":138,"column":48},"end":{"line":138,"column":85},"skip":true},{"start":{"line":139,"column":12},"end":{"line":145,"column":13},"skip":true}]},"14":{"line":147,"type":"binary-expr","locations":[{"start":{"line":147,"column":42},"end":{"line":147,"column":73},"skip":true},{"start":{"line":147,"column":77},"end":{"line":156,"column":9},"skip":true}]},"15":{"line":158,"type":"binary-expr","locations":[{"start":{"line":158,"column":45},"end":{"line":158,"column":79},"skip":true},{"start":{"line":158,"column":83},"end":{"line":167,"column":9},"skip":true}]},"16":{"line":169,"type":"binary-expr","locations":[{"start":{"line":169,"column":43},"end":{"line":169,"column":75},"skip":true},{"start":{"line":169,"column":79},"end":{"line":178,"column":9},"skip":true}]},"17":{"line":180,"type":"binary-expr","locations":[{"start":{"line":180,"column":41},"end":{"line":180,"column":71},"skip":true},{"start":{"line":180,"column":75},"end":{"line":189,"column":9},"skip":true}]}},"code":["/* istanbul instrument in package npmtest_updtr */","/*jslint","    bitwise: true,","    browser: true,","    maxerr: 8,","    maxlen: 96,","    node: true,","    nomen: true,","    regexp: true,","    stupid: true","*/","(function () {","    'use strict';","    var local;","","","","    // run shared js-env code - pre-init","    (function () {","        // init local","        local = {};","        // init modeJs","        local.modeJs = (function () {","            try {","                return typeof navigator.userAgent === 'string' &&","                    typeof document.querySelector('body') === 'object' &&","                    typeof XMLHttpRequest.prototype.open === 'function' &&","                    'browser';","            } catch (errorCaughtBrowser) {","                return module.exports &&","                    typeof process.versions.node === 'string' &&","                    typeof require('http').createServer === 'function' &&","                    'node';","            }","        }());","        // init global","        local.global = local.modeJs === 'browser'","            ? window","            : global;","        switch (local.modeJs) {","        // re-init local from window.local","        case 'browser':","            local = local.global.utility2.objectSetDefault(","                local.global.utility2_rollup || local.global.local,","                local.global.utility2","            );","            break;","        // re-init local from example.js","        case 'node':","            local = (local.global.utility2_rollup || require('utility2'))","                .requireExampleJsFromReadme();","            break;","        }","        // export local","        local.global.local = local;","    }());","","","","    // run shared js-env code - function","    (function () {","        return;","    }());","    switch (local.modeJs) {","","","","    // run browser js-env code - function","    case 'browser':","        break;","","","","    // run node js-env code - function","    case 'node':","        break;","    }","","","","    // run shared js-env code - post-init","    (function () {","        return;","    }());","    switch (local.modeJs) {","","","","    // run browser js-env code - post-init","    case 'browser':","        local.testCase_browser_nullCase = local.testCase_browser_nullCase || function (","            options,","            onError","        ) {","        /*","         * this function will test browsers's null-case handling-behavior-behavior","         */","            onError(null, options);","        };","","        // run tests","        local.nop(local.modeTest &&","            document.querySelector('#testRunButton1') &&","            document.querySelector('#testRunButton1').click());","        break;","","","","    // run node js-env code - post-init","    /* istanbul ignore next */","    case 'node':","        local.testCase_buildApidoc_default = local.testCase_buildApidoc_default || function (","            options,","            onError","        ) {","        /*","         * this function will test buildApidoc's default handling-behavior-behavior","         */","            options = { modulePathList: module.paths };","            local.buildApidoc(options, onError);","        };","","        local.testCase_buildApp_default = local.testCase_buildApp_default || function (","            options,","            onError","        ) {","        /*","         * this function will test buildApp's default handling-behavior-behavior","         */","            local.testCase_buildReadme_default(options, local.onErrorThrow);","            local.testCase_buildLib_default(options, local.onErrorThrow);","            local.testCase_buildTest_default(options, local.onErrorThrow);","            local.testCase_buildCustomOrg_default(options, local.onErrorThrow);","            options = [];","            local.buildApp(options, onError);","        };","","        local.testCase_buildCustomOrg_default = local.testCase_buildCustomOrg_default ||","            function (options, onError) {","            /*","             * this function will test buildCustomOrg's default handling-behavior","             */","                options = {};","                local.buildCustomOrg(options, onError);","            };","","        local.testCase_buildLib_default = local.testCase_buildLib_default || function (","            options,","            onError","        ) {","        /*","         * this function will test buildLib's default handling-behavior","         */","            options = {};","            local.buildLib(options, onError);","        };","","        local.testCase_buildReadme_default = local.testCase_buildReadme_default || function (","            options,","            onError","        ) {","        /*","         * this function will test buildReadme's default handling-behavior-behavior","         */","            options = {};","            local.buildReadme(options, onError);","        };","","        local.testCase_buildTest_default = local.testCase_buildTest_default || function (","            options,","            onError","        ) {","        /*","         * this function will test buildTest's default handling-behavior","         */","            options = {};","            local.buildTest(options, onError);","        };","","        local.testCase_webpage_default = local.testCase_webpage_default || function (","            options,","            onError","        ) {","        /*","         * this function will test webpage's default handling-behavior","         */","            options = { modeCoverageMerge: true, url: local.serverLocalHost + '?modeTest=1' };","            local.browserTest(options, onError);","        };","","        // run test-server","        local.testRunServer(local);","        break;","    }","}());",""],"l":{"12":2,"14":2,"19":2,"21":2,"23":2,"24":2,"25":2,"30":1,"37":2,"40":2,"43":1,"47":1,"50":1,"52":1,"55":2,"61":2,"62":2,"64":2,"70":1,"76":1,"82":2,"83":2,"85":2,"91":1,"98":1,"102":1,"105":1,"112":1,"119":1,"120":1,"123":1,"130":1,"131":1,"132":1,"133":1,"134":1,"135":1,"138":1,"143":2,"144":2,"147":1,"154":2,"155":2,"158":1,"165":2,"166":2,"169":1,"176":2,"177":2,"180":1,"187":1,"188":1,"192":1,"193":1}},"/home/travis/build/npmtest/node-npmtest-updtr/lib.npmtest_updtr.js":{"path":"/home/travis/build/npmtest/node-npmtest-updtr/lib.npmtest_updtr.js","s":{"1":2,"2":2,"3":2,"4":2,"5":2,"6":2,"7":2,"8":1,"9":2,"10":2,"11":2,"12":2,"13":1,"14":1,"15":1,"16":1},"b":{"1":[2,1,1,1],"2":[1,1,1,1],"3":[1,1],"4":[2,2],"5":[1,1]},"f":{"1":2,"2":2,"3":2},"fnMap":{"1":{"name":"(anonymous_1)","line":12,"loc":{"start":{"line":12,"column":1},"end":{"line":12,"column":13}}},"2":{"name":"(anonymous_2)","line":19,"loc":{"start":{"line":19,"column":5},"end":{"line":19,"column":17}}},"3":{"name":"(anonymous_3)","line":23,"loc":{"start":{"line":23,"column":24},"end":{"line":23,"column":36}}}},"statementMap":{"1":{"start":{"line":12,"column":0},"end":{"line":53,"column":5}},"2":{"start":{"line":14,"column":4},"end":{"line":14,"column":14}},"3":{"start":{"line":19,"column":4},"end":{"line":52,"column":9}},"4":{"start":{"line":21,"column":8},"end":{"line":21,"column":19}},"5":{"start":{"line":23,"column":8},"end":{"line":35,"column":13}},"6":{"start":{"line":24,"column":12},"end":{"line":34,"column":13}},"7":{"start":{"line":25,"column":16},"end":{"line":28,"column":30}},"8":{"start":{"line":30,"column":16},"end":{"line":33,"column":27}},"9":{"start":{"line":37,"column":8},"end":{"line":39,"column":21}},"10":{"start":{"line":41,"column":8},"end":{"line":41,"column":54}},"11":{"start":{"line":43,"column":8},"end":{"line":43,"column":50}},"12":{"start":{"line":45,"column":8},"end":{"line":51,"column":9}},"13":{"start":{"line":46,"column":12},"end":{"line":46,"column":56}},"14":{"start":{"line":48,"column":12},"end":{"line":48,"column":35}},"15":{"start":{"line":49,"column":12},"end":{"line":49,"column":49}},"16":{"start":{"line":50,"column":12},"end":{"line":50,"column":43}}},"branchMap":{"1":{"line":25,"type":"binary-expr","locations":[{"start":{"line":25,"column":23},"end":{"line":25,"column":62}},{"start":{"line":26,"column":20},"end":{"line":26,"column":70}},{"start":{"line":27,"column":20},"end":{"line":27,"column":71}},{"start":{"line":28,"column":20},"end":{"line":28,"column":29}}]},"2":{"line":30,"type":"binary-expr","locations":[{"start":{"line":30,"column":23},"end":{"line":30,"column":37}},{"start":{"line":31,"column":20},"end":{"line":31,"column":61}},{"start":{"line":32,"column":20},"end":{"line":32,"column":70}},{"start":{"line":33,"column":20},"end":{"line":33,"column":26}}]},"3":{"line":37,"type":"cond-expr","locations":[{"start":{"line":38,"column":14},"end":{"line":38,"column":20}},{"start":{"line":39,"column":14},"end":{"line":39,"column":20}}]},"4":{"line":41,"type":"binary-expr","locations":[{"start":{"line":41,"column":16},"end":{"line":41,"column":44}},{"start":{"line":41,"column":48},"end":{"line":41,"column":53}}]},"5":{"line":45,"type":"if","locations":[{"start":{"line":45,"column":8},"end":{"line":45,"column":8}},{"start":{"line":45,"column":8},"end":{"line":45,"column":8}}]}},"code":["/* istanbul instrument in package npmtest_updtr */","/*jslint","    bitwise: true,","    browser: true,","    maxerr: 8,","    maxlen: 96,","    node: true,","    nomen: true,","    regexp: true,","    stupid: true","*/","(function () {","    'use strict';","    var local;","","","","    // run shared js-env code - pre-init","    (function () {","        // init local","        local = {};","        // init modeJs","        local.modeJs = (function () {","            try {","                return typeof navigator.userAgent === 'string' &&","                    typeof document.querySelector('body') === 'object' &&","                    typeof XMLHttpRequest.prototype.open === 'function' &&","                    'browser';","            } catch (errorCaughtBrowser) {","                return module.exports &&","                    typeof process.versions.node === 'string' &&","                    typeof require('http').createServer === 'function' &&","                    'node';","            }","        }());","        // init global","        local.global = local.modeJs === 'browser'","            ? window","            : global;","        // init utility2_rollup","        local = local.global.utility2_rollup || local;","        // init lib","        local.local = local.npmtest_updtr = local;","        // init exports","        if (local.modeJs === 'browser') {","            local.global.utility2_npmtest_updtr = local;","        } else {","            module.exports = local;","            module.exports.__dirname = __dirname;","            module.exports.module = module;","        }","    }());","}());",""],"l":{"12":2,"14":2,"19":2,"21":2,"23":2,"24":2,"25":2,"30":1,"37":2,"41":2,"43":2,"45":2,"46":1,"48":1,"49":1,"50":1}},"/home/travis/build/npmtest/node-npmtest-updtr/example.js":{"path":"/home/travis/build/npmtest/node-npmtest-updtr/example.js","s":{"1":2,"2":2,"3":2,"4":2,"5":2,"6":2,"7":2,"8":1,"9":2,"10":2,"11":2,"12":2,"13":1,"14":2,"15":2,"16":2,"17":2,"18":2,"19":0,"20":2,"21":1,"22":1,"23":1,"24":1,"25":1,"26":0,"27":0,"28":1,"29":1,"30":2,"31":0,"32":0,"33":0,"34":1,"35":2,"36":2,"37":3,"38":3,"39":3,"40":3,"41":0,"42":3,"43":3,"44":3,"45":1,"46":3,"47":1,"48":1,"49":1,"50":1,"51":1,"52":1,"53":1,"54":1,"55":1,"56":1,"57":0,"58":1,"59":6,"60":6,"61":1,"62":2,"63":0,"64":2,"65":1,"66":1,"67":0,"68":0,"69":0,"70":0,"71":0,"72":0,"73":0,"74":0,"75":0,"76":0,"77":0,"78":0,"79":0,"80":0,"81":0,"82":0,"83":0},"b":{"1":[2,1,1,1],"2":[1,1,1,1],"3":[1,1],"4":[2,2],"5":[1,1],"6":[1,1],"7":[2,0],"8":[2,1,1,1,1,1],"9":[0,2,0],"10":[1,1],"11":[2,1,1],"12":[1,0],"13":[0,2],"14":[2,0,0,0,0,0,0],"15":[0,3],"16":[3,0],"17":[1,1],"18":[0,1],"19":[1,2,0,2],"20":[1,0],"21":[1,1],"22":[0,0],"23":[0,0],"24":[0,0],"25":[0,0],"26":[0,0],"27":[0,0],"28":[0,0]},"f":{"1":2,"2":2,"3":2,"4":2,"5":2,"6":2,"7":3,"8":3,"9":3,"10":1,"11":6,"12":0},"fnMap":{"1":{"name":"(anonymous_1)","line":26,"loc":{"start":{"line":26,"column":1},"end":{"line":26,"column":13}}},"2":{"name":"(anonymous_2)","line":33,"loc":{"start":{"line":33,"column":5},"end":{"line":33,"column":17}}},"3":{"name":"(anonymous_3)","line":37,"loc":{"start":{"line":37,"column":24},"end":{"line":37,"column":36}}},"4":{"name":"(anonymous_4)","line":69,"loc":{"start":{"line":69,"column":31},"end":{"line":69,"column":48}},"skip":true},"5":{"name":"(anonymous_5)","line":78,"loc":{"start":{"line":78,"column":26},"end":{"line":78,"column":45}},"skip":true},"6":{"name":"(anonymous_6)","line":123,"loc":{"start":{"line":123,"column":33},"end":{"line":123,"column":48}},"skip":true},"7":{"name":"(anonymous_7)","line":125,"loc":{"start":{"line":125,"column":27},"end":{"line":125,"column":39}},"skip":true},"8":{"name":"(anonymous_8)","line":133,"loc":{"start":{"line":133,"column":59},"end":{"line":133,"column":74}},"skip":true},"9":{"name":"(anonymous_9)","line":143,"loc":{"start":{"line":143,"column":45},"end":{"line":143,"column":62}},"skip":true},"10":{"name":"(anonymous_10)","line":144,"loc":{"start":{"line":144,"column":73},"end":{"line":144,"column":92}},"skip":true},"11":{"name":"(anonymous_11)","line":272,"loc":{"start":{"line":272,"column":51},"end":{"line":272,"column":77}},"skip":true},"12":{"name":"(anonymous_12)","line":315,"loc":{"start":{"line":315,"column":32},"end":{"line":315,"column":61}},"skip":true}},"statementMap":{"1":{"start":{"line":26,"column":0},"end":{"line":326,"column":5}},"2":{"start":{"line":28,"column":4},"end":{"line":28,"column":14}},"3":{"start":{"line":33,"column":4},"end":{"line":60,"column":9}},"4":{"start":{"line":35,"column":8},"end":{"line":35,"column":19}},"5":{"start":{"line":37,"column":8},"end":{"line":49,"column":13}},"6":{"start":{"line":38,"column":12},"end":{"line":48,"column":13}},"7":{"start":{"line":39,"column":16},"end":{"line":42,"column":30}},"8":{"start":{"line":44,"column":16},"end":{"line":47,"column":27}},"9":{"start":{"line":51,"column":8},"end":{"line":53,"column":21}},"10":{"start":{"line":55,"column":8},"end":{"line":57,"column":45}},"11":{"start":{"line":59,"column":8},"end":{"line":59,"column":35}},"12":{"start":{"line":61,"column":4},"end":{"line":325,"column":5}},"13":{"start":{"line":69,"column":8},"end":{"line":121,"column":10},"skip":true},"14":{"start":{"line":70,"column":12},"end":{"line":88,"column":13},"skip":true},"15":{"start":{"line":76,"column":16},"end":{"line":87,"column":19},"skip":true},"16":{"start":{"line":79,"column":20},"end":{"line":86,"column":21},"skip":true},"17":{"start":{"line":82,"column":24},"end":{"line":82,"column":43},"skip":true},"18":{"start":{"line":83,"column":24},"end":{"line":83,"column":30},"skip":true},"19":{"start":{"line":85,"column":24},"end":{"line":85,"column":49},"skip":true},"20":{"start":{"line":89,"column":12},"end":{"line":107,"column":13},"skip":true},"21":{"start":{"line":92,"column":16},"end":{"line":102,"column":17},"skip":true},"22":{"start":{"line":93,"column":20},"end":{"line":93,"column":86},"skip":true},"23":{"start":{"line":94,"column":20},"end":{"line":95,"column":45},"skip":true},"24":{"start":{"line":96,"column":20},"end":{"line":96,"column":42},"skip":true},"25":{"start":{"line":97,"column":20},"end":{"line":97,"column":48},"skip":true},"26":{"start":{"line":100,"column":20},"end":{"line":100,"column":85},"skip":true},"27":{"start":{"line":101,"column":20},"end":{"line":101,"column":96},"skip":true},"28":{"start":{"line":103,"column":16},"end":{"line":103,"column":22},"skip":true},"29":{"start":{"line":106,"column":16},"end":{"line":106,"column":22},"skip":true},"30":{"start":{"line":108,"column":12},"end":{"line":120,"column":13},"skip":true},"31":{"start":{"line":114,"column":16},"end":{"line":119,"column":17},"skip":true},"32":{"start":{"line":116,"column":20},"end":{"line":116,"column":78},"skip":true},"33":{"start":{"line":118,"column":20},"end":{"line":118,"column":47},"skip":true},"34":{"start":{"line":123,"column":8},"end":{"line":141,"column":11},"skip":true},"35":{"start":{"line":124,"column":12},"end":{"line":124,"column":54},"skip":true},"36":{"start":{"line":125,"column":12},"end":{"line":140,"column":14},"skip":true},"37":{"start":{"line":126,"column":16},"end":{"line":126,"column":28},"skip":true},"38":{"start":{"line":127,"column":16},"end":{"line":127,"column":69},"skip":true},"39":{"start":{"line":128,"column":16},"end":{"line":128,"column":75},"skip":true},"40":{"start":{"line":129,"column":16},"end":{"line":131,"column":17},"skip":true},"41":{"start":{"line":130,"column":20},"end":{"line":130,"column":27},"skip":true},"42":{"start":{"line":133,"column":16},"end":{"line":137,"column":36},"skip":true},"43":{"start":{"line":134,"column":20},"end":{"line":136,"column":55},"skip":true},"44":{"start":{"line":139,"column":16},"end":{"line":139,"column":57},"skip":true},"45":{"start":{"line":143,"column":8},"end":{"line":147,"column":11},"skip":true},"46":{"start":{"line":144,"column":12},"end":{"line":146,"column":15},"skip":true},"47":{"start":{"line":145,"column":16},"end":{"line":145,"column":70},"skip":true},"48":{"start":{"line":149,"column":8},"end":{"line":149,"column":31},"skip":true},"49":{"start":{"line":150,"column":8},"end":{"line":150,"column":14},"skip":true},"50":{"start":{"line":158,"column":8},"end":{"line":158,"column":31},"skip":true},"51":{"start":{"line":160,"column":8},"end":{"line":160,"column":33},"skip":true},"52":{"start":{"line":161,"column":8},"end":{"line":161,"column":37},"skip":true},"53":{"start":{"line":162,"column":8},"end":{"line":162,"column":35},"skip":true},"54":{"start":{"line":164,"column":8},"end":{"line":164,"column":50},"skip":true},"55":{"start":{"line":166,"column":8},"end":{"line":256,"column":2},"skip":true},"56":{"start":{"line":258,"column":8},"end":{"line":286,"column":9},"skip":true},"57":{"start":{"line":259,"column":12},"end":{"line":269,"column":14},"skip":true},"58":{"start":{"line":271,"column":12},"end":{"line":285,"column":19},"skip":true},"59":{"start":{"line":274,"column":20},"end":{"line":274,"column":35},"skip":true},"60":{"start":{"line":275,"column":20},"end":{"line":284,"column":21},"skip":true},"61":{"start":{"line":277,"column":24},"end":{"line":277,"column":64},"skip":true},"62":{"start":{"line":279,"column":24},"end":{"line":279,"column":40},"skip":true},"63":{"start":{"line":281,"column":24},"end":{"line":281,"column":40},"skip":true},"64":{"start":{"line":283,"column":24},"end":{"line":283,"column":39},"skip":true},"65":{"start":{"line":288,"column":8},"end":{"line":290,"column":9},"skip":true},"66":{"start":{"line":289,"column":12},"end":{"line":289,"column":18},"skip":true},"67":{"start":{"line":291,"column":8},"end":{"line":293,"column":54},"skip":true},"68":{"start":{"line":296,"column":8},"end":{"line":301,"column":37},"skip":true},"69":{"start":{"line":303,"column":8},"end":{"line":303,"column":82},"skip":true},"70":{"start":{"line":306,"column":8},"end":{"line":308,"column":9},"skip":true},"71":{"start":{"line":307,"column":12},"end":{"line":307,"column":82},"skip":true},"72":{"start":{"line":310,"column":8},"end":{"line":312,"column":9},"skip":true},"73":{"start":{"line":311,"column":12},"end":{"line":311,"column":18},"skip":true},"74":{"start":{"line":313,"column":8},"end":{"line":313,"column":54},"skip":true},"75":{"start":{"line":314,"column":8},"end":{"line":314,"column":69},"skip":true},"76":{"start":{"line":315,"column":8},"end":{"line":323,"column":36},"skip":true},"77":{"start":{"line":316,"column":12},"end":{"line":316,"column":61},"skip":true},"78":{"start":{"line":317,"column":12},"end":{"line":320,"column":13},"skip":true},"79":{"start":{"line":318,"column":16},"end":{"line":318,"column":75},"skip":true},"80":{"start":{"line":319,"column":16},"end":{"line":319,"column":23},"skip":true},"81":{"start":{"line":321,"column":12},"end":{"line":321,"column":38},"skip":true},"82":{"start":{"line":322,"column":12},"end":{"line":322,"column":27},"skip":true},"83":{"start":{"line":324,"column":8},"end":{"line":324,"column":14},"skip":true}},"branchMap":{"1":{"line":39,"type":"binary-expr","locations":[{"start":{"line":39,"column":23},"end":{"line":39,"column":62}},{"start":{"line":40,"column":20},"end":{"line":40,"column":70}},{"start":{"line":41,"column":20},"end":{"line":41,"column":71}},{"start":{"line":42,"column":20},"end":{"line":42,"column":29}}]},"2":{"line":44,"type":"binary-expr","locations":[{"start":{"line":44,"column":23},"end":{"line":44,"column":37}},{"start":{"line":45,"column":20},"end":{"line":45,"column":61}},{"start":{"line":46,"column":20},"end":{"line":46,"column":70}},{"start":{"line":47,"column":20},"end":{"line":47,"column":26}}]},"3":{"line":51,"type":"cond-expr","locations":[{"start":{"line":52,"column":14},"end":{"line":52,"column":20}},{"start":{"line":53,"column":14},"end":{"line":53,"column":20}}]},"4":{"line":55,"type":"binary-expr","locations":[{"start":{"line":55,"column":16},"end":{"line":55,"column":44}},{"start":{"line":55,"column":49},"end":{"line":57,"column":43}}]},"5":{"line":55,"type":"cond-expr","locations":[{"start":{"line":56,"column":14},"end":{"line":56,"column":49}},{"start":{"line":57,"column":14},"end":{"line":57,"column":43}}]},"6":{"line":61,"type":"switch","locations":[{"start":{"line":68,"column":4},"end":{"line":150,"column":14},"skip":true},{"start":{"line":156,"column":4},"end":{"line":324,"column":14},"skip":true}]},"7":{"line":70,"type":"if","locations":[{"start":{"line":70,"column":12},"end":{"line":70,"column":12},"skip":true},{"start":{"line":70,"column":12},"end":{"line":70,"column":12},"skip":true}]},"8":{"line":70,"type":"binary-expr","locations":[{"start":{"line":70,"column":16},"end":{"line":70,"column":22},"skip":true},{"start":{"line":70,"column":27},"end":{"line":70,"column":32},"skip":true},{"start":{"line":71,"column":20},"end":{"line":71,"column":39},"skip":true},{"start":{"line":72,"column":20},"end":{"line":72,"column":49},"skip":true},{"start":{"line":73,"column":20},"end":{"line":73,"column":58},"skip":true},{"start":{"line":74,"column":20},"end":{"line":74,"column":69},"skip":true}]},"9":{"line":79,"type":"switch","locations":[{"start":{"line":80,"column":20},"end":{"line":80,"column":33},"skip":true},{"start":{"line":81,"column":20},"end":{"line":83,"column":30},"skip":true},{"start":{"line":84,"column":20},"end":{"line":85,"column":49},"skip":true}]},"10":{"line":89,"type":"switch","locations":[{"start":{"line":90,"column":12},"end":{"line":103,"column":22},"skip":true},{"start":{"line":105,"column":12},"end":{"line":106,"column":22},"skip":true}]},"11":{"line":89,"type":"binary-expr","locations":[{"start":{"line":89,"column":20},"end":{"line":89,"column":25},"skip":true},{"start":{"line":89,"column":29},"end":{"line":89,"column":48},"skip":true},{"start":{"line":89,"column":52},"end":{"line":89,"column":74},"skip":true}]},"12":{"line":92,"type":"if","locations":[{"start":{"line":92,"column":16},"end":{"line":92,"column":16},"skip":true},{"start":{"line":92,"column":16},"end":{"line":92,"column":16},"skip":true}]},"13":{"line":108,"type":"if","locations":[{"start":{"line":108,"column":12},"end":{"line":108,"column":12},"skip":true},{"start":{"line":108,"column":12},"end":{"line":108,"column":12},"skip":true}]},"14":{"line":108,"type":"binary-expr","locations":[{"start":{"line":108,"column":16},"end":{"line":108,"column":61},"skip":true},{"start":{"line":108,"column":66},"end":{"line":108,"column":72},"skip":true},{"start":{"line":108,"column":77},"end":{"line":108,"column":82},"skip":true},{"start":{"line":109,"column":20},"end":{"line":109,"column":39},"skip":true},{"start":{"line":110,"column":20},"end":{"line":110,"column":49},"skip":true},{"start":{"line":111,"column":20},"end":{"line":111,"column":58},"skip":true},{"start":{"line":112,"column":20},"end":{"line":112,"column":68},"skip":true}]},"15":{"line":129,"type":"if","locations":[{"start":{"line":129,"column":16},"end":{"line":129,"column":16},"skip":true},{"start":{"line":129,"column":16},"end":{"line":129,"column":16},"skip":true}]},"16":{"line":134,"type":"cond-expr","locations":[{"start":{"line":135,"column":26},"end":{"line":135,"column":29},"skip":true},{"start":{"line":136,"column":26},"end":{"line":136,"column":54},"skip":true}]},"17":{"line":164,"type":"binary-expr","locations":[{"start":{"line":164,"column":27},"end":{"line":164,"column":43},"skip":true},{"start":{"line":164,"column":47},"end":{"line":164,"column":49},"skip":true}]},"18":{"line":258,"type":"if","locations":[{"start":{"line":258,"column":8},"end":{"line":258,"column":8},"skip":true},{"start":{"line":258,"column":8},"end":{"line":258,"column":8},"skip":true}]},"19":{"line":275,"type":"switch","locations":[{"start":{"line":276,"column":20},"end":{"line":277,"column":64},"skip":true},{"start":{"line":278,"column":20},"end":{"line":279,"column":40},"skip":true},{"start":{"line":280,"column":20},"end":{"line":281,"column":40},"skip":true},{"start":{"line":282,"column":20},"end":{"line":283,"column":39},"skip":true}]},"20":{"line":288,"type":"if","locations":[{"start":{"line":288,"column":8},"end":{"line":288,"column":8},"skip":true},{"start":{"line":288,"column":8},"end":{"line":288,"column":8},"skip":true}]},"21":{"line":288,"type":"binary-expr","locations":[{"start":{"line":288,"column":12},"end":{"line":288,"column":40},"skip":true},{"start":{"line":288,"column":44},"end":{"line":288,"column":67},"skip":true}]},"22":{"line":292,"type":"binary-expr","locations":[{"start":{"line":292,"column":12},"end":{"line":292,"column":50},"skip":true},{"start":{"line":293,"column":12},"end":{"line":293,"column":53},"skip":true}]},"23":{"line":297,"type":"binary-expr","locations":[{"start":{"line":297,"column":12},"end":{"line":297,"column":63},"skip":true},{"start":{"line":298,"column":12},"end":{"line":301,"column":36},"skip":true}]},"24":{"line":303,"type":"binary-expr","locations":[{"start":{"line":303,"column":43},"end":{"line":303,"column":75},"skip":true},{"start":{"line":303,"column":79},"end":{"line":303,"column":81},"skip":true}]},"25":{"line":306,"type":"if","locations":[{"start":{"line":306,"column":8},"end":{"line":306,"column":8},"skip":true},{"start":{"line":306,"column":8},"end":{"line":306,"column":8},"skip":true}]},"26":{"line":310,"type":"if","locations":[{"start":{"line":310,"column":8},"end":{"line":310,"column":8},"skip":true},{"start":{"line":310,"column":8},"end":{"line":310,"column":8},"skip":true}]},"27":{"line":313,"type":"binary-expr","locations":[{"start":{"line":313,"column":27},"end":{"line":313,"column":43},"skip":true},{"start":{"line":313,"column":47},"end":{"line":313,"column":53},"skip":true}]},"28":{"line":317,"type":"if","locations":[{"start":{"line":317,"column":12},"end":{"line":317,"column":12},"skip":true},{"start":{"line":317,"column":12},"end":{"line":317,"column":12},"skip":true}]}},"code":["/*","example.js","","quickstart example","","instruction","    1. save this script as example.js","    2. run the shell command:","        $ npm install npmtest-updtr && PORT=8081 node example.js","    3. play with the browser-demo on http://127.0.0.1:8081","*/","","","","/* istanbul instrument in package npmtest_updtr */","/*jslint","    bitwise: true,","    browser: true,","    maxerr: 8,","    maxlen: 96,","    node: true,","    nomen: true,","    regexp: true,","    stupid: true","*/","(function () {","    'use strict';","    var local;","","","","    // run shared js-env code - pre-init","    (function () {","        // init local","        local = {};","        // init modeJs","        local.modeJs = (function () {","            try {","                return typeof navigator.userAgent === 'string' &&","                    typeof document.querySelector('body') === 'object' &&","                    typeof XMLHttpRequest.prototype.open === 'function' &&","                    'browser';","            } catch (errorCaughtBrowser) {","                return module.exports &&","                    typeof process.versions.node === 'string' &&","                    typeof require('http').createServer === 'function' &&","                    'node';","            }","        }());","        // init global","        local.global = local.modeJs === 'browser'","            ? window","            : global;","        // init utility2_rollup","        local = local.global.utility2_rollup || (local.modeJs === 'browser'","            ? local.global.utility2_npmtest_updtr","            : global.utility2_moduleExports);","        // export local","        local.global.local = local;","    }());","    switch (local.modeJs) {","","","","    // post-init","    // run browser js-env code - post-init","    /* istanbul ignore next */","    case 'browser':","        local.testRunBrowser = function (event) {","            if (!event || (event &&","                    event.currentTarget &&","                    event.currentTarget.className &&","                    event.currentTarget.className.includes &&","                    event.currentTarget.className.includes('onreset'))) {","                // reset output","                Array.from(","                    document.querySelectorAll('body > .resettable')","                ).forEach(function (element) {","                    switch (element.tagName) {","                    case 'INPUT':","                    case 'TEXTAREA':","                        element.value = '';","                        break;","                    default:","                        element.textContent = '';","                    }","                });","            }","            switch (event && event.currentTarget && event.currentTarget.id) {","            case 'testRunButton1':","                // show tests","                if (document.querySelector('#testReportDiv1').style.display === 'none') {","                    document.querySelector('#testReportDiv1').style.display = 'block';","                    document.querySelector('#testRunButton1').textContent =","                        'hide internal test';","                    local.modeTest = true;","                    local.testRunDefault(local);","                // hide tests","                } else {","                    document.querySelector('#testReportDiv1').style.display = 'none';","                    document.querySelector('#testRunButton1').textContent = 'run internal test';","                }","                break;","            // custom-case","            default:","                break;","            }","            if (document.querySelector('#inputTextareaEval1') && (!event || (event &&","                    event.currentTarget &&","                    event.currentTarget.className &&","                    event.currentTarget.className.includes &&","                    event.currentTarget.className.includes('oneval')))) {","                // try to eval input-code","                try {","                    /*jslint evil: true*/","                    eval(document.querySelector('#inputTextareaEval1').value);","                } catch (errorCaught) {","                    console.error(errorCaught);","                }","            }","        };","        // log stderr and stdout to #outputTextareaStdout1","        ['error', 'log'].forEach(function (key) {","            console[key + '_original'] = console[key];","            console[key] = function () {","                var element;","                console[key + '_original'].apply(console, arguments);","                element = document.querySelector('#outputTextareaStdout1');","                if (!element) {","                    return;","                }","                // append text to #outputTextareaStdout1","                element.value += Array.from(arguments).map(function (arg) {","                    return typeof arg === 'string'","                        ? arg","                        : JSON.stringify(arg, null, 4);","                }).join(' ') + '\\n';","                // scroll textarea to bottom","                element.scrollTop = element.scrollHeight;","            };","        });","        // init event-handling","        ['change', 'click', 'keyup'].forEach(function (event) {","            Array.from(document.querySelectorAll('.on' + event)).forEach(function (element) {","                element.addEventListener(event, local.testRunBrowser);","            });","        });","        // run tests","        local.testRunBrowser();","        break;","","","","    // run node js-env code - post-init","    /* istanbul ignore next */","    case 'node':","        // export local","        module.exports = local;","        // require modules","        local.fs = require('fs');","        local.http = require('http');","        local.url = require('url');","        // init assets","        local.assetsDict = local.assetsDict || {};","        /* jslint-ignore-begin */","        local.assetsDict['/assets.index.template.html'] = '\\","<!doctype html>\\n\\","<html lang=\"en\">\\n\\","<head>\\n\\","<meta charset=\"UTF-8\">\\n\\","<meta name=\"viewport\" content=\"width=device-width, initial-scale=1\">\\n\\","<title>{{env.npm_package_name}} (v{{env.npm_package_version}})</title>\\n\\","<style>\\n\\","/*csslint\\n\\","    box-sizing: false,\\n\\","    universal-selector: false\\n\\","*/\\n\\","* {\\n\\","    box-sizing: border-box;\\n\\","}\\n\\","body {\\n\\","    background: #dde;\\n\\","    font-family: Arial, Helvetica, sans-serif;\\n\\","    margin: 2rem;\\n\\","}\\n\\","body > * {\\n\\","    margin-bottom: 1rem;\\n\\","}\\n\\",".utility2FooterDiv {\\n\\","    margin-top: 20px;\\n\\","    text-align: center;\\n\\","}\\n\\","</style>\\n\\","<style>\\n\\","/*csslint\\n\\","*/\\n\\","textarea {\\n\\","    font-family: monospace;\\n\\","    height: 10rem;\\n\\","    width: 100%;\\n\\","}\\n\\","textarea[readonly] {\\n\\","    background: #ddd;\\n\\","}\\n\\","</style>\\n\\","</head>\\n\\","<body>\\n\\","<!-- utility2-comment\\n\\","<div id=\"ajaxProgressDiv1\" style=\"background: #d00; height: 2px; left: 0; margin: 0; padding: 0; position: fixed; top: 0; transition: background 0.5s, width 1.5s; width: 25%;\"></div>\\n\\","utility2-comment -->\\n\\","<h1>\\n\\","<!-- utility2-comment\\n\\","    <a\\n\\","        {{#if env.npm_package_homepage}}\\n\\","        href=\"{{env.npm_package_homepage}}\"\\n\\","        {{/if env.npm_package_homepage}}\\n\\","        target=\"_blank\"\\n\\","    >\\n\\","utility2-comment -->\\n\\","        {{env.npm_package_name}} (v{{env.npm_package_version}})\\n\\","<!-- utility2-comment\\n\\","    </a>\\n\\","utility2-comment -->\\n\\","</h1>\\n\\","<h3>{{env.npm_package_description}}</h3>\\n\\","<!-- utility2-comment\\n\\","<h4><a download href=\"assets.app.js\">download standalone app</a></h4>\\n\\","<button class=\"onclick onreset\" id=\"testRunButton1\">run internal test</button><br>\\n\\","<div id=\"testReportDiv1\" style=\"display: none;\"></div>\\n\\","utility2-comment -->\\n\\","\\n\\","\\n\\","\\n\\","<label>stderr and stdout</label>\\n\\","<textarea class=\"resettable\" id=\"outputTextareaStdout1\" readonly></textarea>\\n\\","<!-- utility2-comment\\n\\","{{#if isRollup}}\\n\\","<script src=\"assets.app.js\"></script>\\n\\","{{#unless isRollup}}\\n\\","utility2-comment -->\\n\\","<script src=\"assets.utility2.rollup.js\"></script>\\n\\","<script src=\"jsonp.utility2._stateInit?callback=window.utility2._stateInit\"></script>\\n\\","<script src=\"assets.npmtest_updtr.rollup.js\"></script>\\n\\","<script src=\"assets.example.js\"></script>\\n\\","<script src=\"assets.test.js\"></script>\\n\\","<!-- utility2-comment\\n\\","{{/if isRollup}}\\n\\","utility2-comment -->\\n\\","<div class=\"utility2FooterDiv\">\\n\\","    [ this app was created with\\n\\","    <a href=\"https://github.com/kaizhu256/node-utility2\" target=\"_blank\">utility2</a>\\n\\","    ]\\n\\","</div>\\n\\","</body>\\n\\","</html>\\n\\","';","        /* jslint-ignore-end */","        if (local.templateRender) {","            local.assetsDict['/'] = local.templateRender(","                local.assetsDict['/assets.index.template.html'],","                {","                    env: local.objectSetDefault(local.env, {","                        npm_package_description: 'the greatest app in the world!',","                        npm_package_name: 'my-app',","                        npm_package_nameAlias: 'my_app',","                        npm_package_version: '0.0.1'","                    })","                }","            );","        } else {","            local.assetsDict['/'] = local.assetsDict['/assets.index.template.html']","                .replace((/\\{\\{env\\.(\\w+?)\\}\\}/g), function (match0, match1) {","                    // jslint-hack","                    String(match0);","                    switch (match1) {","                    case 'npm_package_description':","                        return 'the greatest app in the world!';","                    case 'npm_package_name':","                        return 'my-app';","                    case 'npm_package_nameAlias':","                        return 'my_app';","                    case 'npm_package_version':","                        return '0.0.1';","                    }","                });","        }","        // run the cli","        if (local.global.utility2_rollup || module !== require.main) {","            break;","        }","        local.assetsDict['/assets.example.js'] =","            local.assetsDict['/assets.example.js'] ||","            local.fs.readFileSync(__filename, 'utf8');","        // bug-workaround - long $npm_package_buildCustomOrg","        /* jslint-ignore-begin */","        local.assetsDict['/assets.npmtest_updtr.rollup.js'] =","            local.assetsDict['/assets.npmtest_updtr.rollup.js'] ||","            local.fs.readFileSync(","                local.npmtest_updtr.__dirname + '/lib.npmtest_updtr.js',","                'utf8'","            ).replace((/^#!/), '//');","        /* jslint-ignore-end */","        local.assetsDict['/favicon.ico'] = local.assetsDict['/favicon.ico'] || '';","        // if $npm_config_timeout_exit exists,","        // then exit this process after $npm_config_timeout_exit ms","        if (Number(process.env.npm_config_timeout_exit)) {","            setTimeout(process.exit, Number(process.env.npm_config_timeout_exit));","        }","        // start server","        if (local.global.utility2_serverHttp1) {","            break;","        }","        process.env.PORT = process.env.PORT || '8081';","        console.error('server starting on port ' + process.env.PORT);","        local.http.createServer(function (request, response) {","            request.urlParsed = local.url.parse(request.url);","            if (local.assetsDict[request.urlParsed.pathname] !== undefined) {","                response.end(local.assetsDict[request.urlParsed.pathname]);","                return;","            }","            response.statusCode = 404;","            response.end();","        }).listen(process.env.PORT);","        break;","    }","}());",""],"l":{"26":2,"28":2,"33":2,"35":2,"37":2,"38":2,"39":2,"44":1,"51":2,"55":2,"59":2,"61":2,"69":1,"70":2,"76":2,"79":2,"82":2,"83":2,"85":1,"89":2,"92":1,"93":1,"94":1,"96":1,"97":1,"100":1,"101":1,"103":1,"106":1,"108":2,"114":1,"116":1,"118":1,"123":1,"124":2,"125":2,"126":3,"127":3,"128":3,"129":3,"130":1,"133":3,"134":3,"139":3,"143":1,"144":3,"145":1,"149":1,"150":1,"158":1,"160":1,"161":1,"162":1,"164":1,"166":1,"258":1,"259":1,"271":1,"274":6,"275":6,"277":1,"279":2,"281":1,"283":2,"288":1,"289":1,"291":1,"296":1,"303":1,"306":1,"307":1,"310":1,"311":1,"313":1,"314":1,"315":1,"316":1,"317":1,"318":1,"319":1,"321":1,"322":1,"324":1}},"/home/travis/build/npmtest/node-npmtest-updtr/node_modules/updtr/lib/index.js":{"path":"/home/travis/build/npmtest/node-npmtest-updtr/node_modules/updtr/lib/index.js","s":{"1":1,"2":1,"3":1},"b":{},"f":{},"fnMap":{},"statementMap":{"1":{"start":{"line":3,"column":0},"end":{"line":3,"column":30}},"2":{"start":{"line":5,"column":0},"end":{"line":5,"column":18}},"3":{"start":{"line":6,"column":0},"end":{"line":6,"column":43}}},"branchMap":{},"code":["\"use strict\";","","var run = require(\"./run.js\");","","exports.run = run;","exports.reporters = require(\"./reporters\");",""],"l":{"3":1,"5":1,"6":1}},"/home/travis/build/npmtest/node-npmtest-updtr/node_modules/updtr/lib/run.js":{"path":"/home/travis/build/npmtest/node-npmtest-updtr/node_modules/updtr/lib/run.js","s":{"1":1,"2":1,"3":1,"4":1,"5":1,"6":1,"7":1,"8":1,"9":1,"10":0,"11":0,"12":0,"13":1,"14":0,"15":1,"16":0,"17":0,"18":0,"19":0,"20":0,"21":0,"22":0,"23":0,"24":0,"25":0,"26":0,"27":0,"28":0,"29":0,"30":0,"31":0,"32":1,"33":0,"34":0,"35":0,"36":0,"37":0,"38":0,"39":0,"40":0,"41":0,"42":0,"43":0,"44":0,"45":0,"46":0,"47":0,"48":0,"49":0,"50":0,"51":0,"52":0,"53":0,"54":0,"55":0,"56":0,"57":0,"58":0,"59":0,"60":0,"61":0,"62":0,"63":0,"64":0,"65":0,"66":0,"67":0,"68":0,"69":0,"70":0,"71":0,"72":0,"73":0,"74":0,"75":0,"76":0,"77":0,"78":0,"79":0,"80":0,"81":0,"82":0,"83":0,"84":0,"85":0,"86":0,"87":0,"88":0,"89":0,"90":0,"91":0,"92":0,"93":0,"94":0,"95":0,"96":0,"97":0,"98":0,"99":0,"100":1,"101":0,"102":0,"103":1,"104":0,"105":0,"106":0,"107":0,"108":0,"109":1},"b":{"1":[0,0],"2":[0,0],"3":[0,0],"4":[0,0],"5":[0,0],"6":[0,0],"7":[0,0],"8":[0,0],"9":[0,0],"10":[0,0],"11":[0,0],"12":[0,0],"13":[0,0],"14":[0,0],"15":[0,0],"16":[0,0],"17":[0,0],"18":[0,0],"19":[0,0],"20":[0,0],"21":[0,0],"22":[0,0],"23":[0,0],"24":[0,0],"25":[0,0],"26":[0,0],"27":[0,0],"28":[0,0],"29":[0,0],"30":[0,0],"31":[0,0],"32":[0,0,0]},"f":{"1":0,"2":0,"3":0,"4":0,"5":0,"6":0,"7":0,"8":0,"9":0,"10":0,"11":0,"12":0,"13":0,"14":0,"15":0,"16":0,"17":0,"18":0},"fnMap":{"1":{"name":"run","line":13,"loc":{"start":{"line":13,"column":0},"end":{"line":13,"column":27}}},"2":{"name":"exec","line":18,"loc":{"start":{"line":18,"column":4},"end":{"line":18,"column":27}}},"3":{"name":"finish","line":22,"loc":{"start":{"line":22,"column":4},"end":{"line":22,"column":25}}},"4":{"name":"(anonymous_4)","line":45,"loc":{"start":{"line":45,"column":98},"end":{"line":45,"column":121}}},"5":{"name":"createTask","line":51,"loc":{"start":{"line":51,"column":8},"end":{"line":51,"column":41}}},"6":{"name":"(anonymous_6)","line":52,"loc":{"start":{"line":52,"column":19},"end":{"line":52,"column":35}}},"7":{"name":"(anonymous_7)","line":74,"loc":{"start":{"line":74,"column":38},"end":{"line":74,"column":54}}},"8":{"name":"runTests","line":78,"loc":{"start":{"line":78,"column":30},"end":{"line":78,"column":58}}},"9":{"name":"(anonymous_9)","line":79,"loc":{"start":{"line":79,"column":38},"end":{"line":79,"column":69}}},"10":{"name":"(anonymous_10)","line":88,"loc":{"start":{"line":88,"column":19},"end":{"line":88,"column":34}}},"11":{"name":"(anonymous_11)","line":91,"loc":{"start":{"line":91,"column":151},"end":{"line":91,"column":166}}},"12":{"name":"(anonymous_12)","line":125,"loc":{"start":{"line":125,"column":47},"end":{"line":125,"column":63}}},"13":{"name":"(anonymous_13)","line":139,"loc":{"start":{"line":139,"column":17},"end":{"line":139,"column":39}}},"14":{"name":"(anonymous_14)","line":175,"loc":{"start":{"line":175,"column":28},"end":{"line":175,"column":43}}},"15":{"name":"modulesMissing","line":186,"loc":{"start":{"line":186,"column":0},"end":{"line":186,"column":31}}},"16":{"name":"(anonymous_16)","line":187,"loc":{"start":{"line":187,"column":24},"end":{"line":187,"column":40}}},"17":{"name":"sanitizeConfig","line":192,"loc":{"start":{"line":192,"column":0},"end":{"line":192,"column":32}}},"18":{"name":"(anonymous_18)","line":196,"loc":{"start":{"line":196,"column":69},"end":{"line":196,"column":85}}}},"statementMap":{"1":{"start":{"line":3,"column":0},"end":{"line":3,"column":29}},"2":{"start":{"line":4,"column":0},"end":{"line":4,"column":44}},"3":{"start":{"line":5,"column":0},"end":{"line":5,"column":33}},"4":{"start":{"line":6,"column":0},"end":{"line":6,"column":48}},"5":{"start":{"line":7,"column":0},"end":{"line":7,"column":23}},"6":{"start":{"line":8,"column":0},"end":{"line":8,"column":27}},"7":{"start":{"line":10,"column":0},"end":{"line":10,"column":35}},"8":{"start":{"line":11,"column":0},"end":{"line":11,"column":37}},"9":{"start":{"line":13,"column":0},"end":{"line":184,"column":1}},"10":{"start":{"line":14,"column":4},"end":{"line":14,"column":37}},"11":{"start":{"line":15,"column":4},"end":{"line":15,"column":16}},"12":{"start":{"line":16,"column":4},"end":{"line":16,"column":17}},"13":{"start":{"line":18,"column":4},"end":{"line":20,"column":5}},"14":{"start":{"line":19,"column":8},"end":{"line":19,"column":95}},"15":{"start":{"line":22,"column":4},"end":{"line":25,"column":5}},"16":{"start":{"line":23,"column":8},"end":{"line":23,"column":37}},"17":{"start":{"line":24,"column":8},"end":{"line":24,"column":26}},"18":{"start":{"line":27,"column":4},"end":{"line":29,"column":5}},"19":{"start":{"line":28,"column":8},"end":{"line":28,"column":57}},"20":{"start":{"line":31,"column":4},"end":{"line":31,"column":27}},"21":{"start":{"line":33,"column":4},"end":{"line":35,"column":5}},"22":{"start":{"line":34,"column":8},"end":{"line":34,"column":120}},"23":{"start":{"line":37,"column":4},"end":{"line":37,"column":31}},"24":{"start":{"line":38,"column":4},"end":{"line":38,"column":29}},"25":{"start":{"line":40,"column":4},"end":{"line":40,"column":22}},"26":{"start":{"line":42,"column":4},"end":{"line":44,"column":7}},"27":{"start":{"line":45,"column":4},"end":{"line":183,"column":7}},"28":{"start":{"line":46,"column":8},"end":{"line":46,"column":20}},"29":{"start":{"line":47,"column":8},"end":{"line":47,"column":21}},"30":{"start":{"line":48,"column":8},"end":{"line":48,"column":23}},"31":{"start":{"line":49,"column":8},"end":{"line":49,"column":18}},"32":{"start":{"line":51,"column":8},"end":{"line":109,"column":9}},"33":{"start":{"line":52,"column":12},"end":{"line":108,"column":14}},"34":{"start":{"line":53,"column":16},"end":{"line":59,"column":18}},"35":{"start":{"line":60,"column":16},"end":{"line":60,"column":31}},"36":{"start":{"line":61,"column":16},"end":{"line":61,"column":31}},"37":{"start":{"line":63,"column":16},"end":{"line":65,"column":17}},"38":{"start":{"line":64,"column":20},"end":{"line":64,"column":56}},"39":{"start":{"line":67,"column":16},"end":{"line":67,"column":107}},"40":{"start":{"line":69,"column":16},"end":{"line":69,"column":48}},"41":{"start":{"line":71,"column":16},"end":{"line":107,"column":19}},"42":{"start":{"line":75,"column":24},"end":{"line":75,"column":55}},"43":{"start":{"line":76,"column":24},"end":{"line":76,"column":43}},"44":{"start":{"line":79,"column":24},"end":{"line":86,"column":27}},"45":{"start":{"line":80,"column":28},"end":{"line":84,"column":29}},"46":{"start":{"line":81,"column":32},"end":{"line":81,"column":52}},"47":{"start":{"line":82,"column":32},"end":{"line":82,"column":46}},"48":{"start":{"line":83,"column":32},"end":{"line":83,"column":39}},"49":{"start":{"line":85,"column":28},"end":{"line":85,"column":59}},"50":{"start":{"line":89,"column":20},"end":{"line":104,"column":21}},"51":{"start":{"line":90,"column":24},"end":{"line":90,"column":56}},"52":{"start":{"line":91,"column":24},"end":{"line":102,"column":27}},"53":{"start":{"line":92,"column":28},"end":{"line":95,"column":29}},"54":{"start":{"line":93,"column":32},"end":{"line":93,"column":44}},"55":{"start":{"line":94,"column":32},"end":{"line":94,"column":39}},"56":{"start":{"line":96,"column":28},"end":{"line":96,"column":64}},"57":{"start":{"line":97,"column":28},"end":{"line":100,"column":29}},"58":{"start":{"line":98,"column":32},"end":{"line":98,"column":62}},"59":{"start":{"line":99,"column":32},"end":{"line":99,"column":66}},"60":{"start":{"line":101,"column":28},"end":{"line":101,"column":35}},"61":{"start":{"line":103,"column":24},"end":{"line":103,"column":31}},"62":{"start":{"line":105,"column":20},"end":{"line":105,"column":56}},"63":{"start":{"line":106,"column":20},"end":{"line":106,"column":27}},"64":{"start":{"line":111,"column":8},"end":{"line":114,"column":9}},"65":{"start":{"line":112,"column":12},"end":{"line":112,"column":24}},"66":{"start":{"line":113,"column":12},"end":{"line":113,"column":19}},"67":{"start":{"line":116,"column":8},"end":{"line":120,"column":9}},"68":{"start":{"line":117,"column":12},"end":{"line":117,"column":33}},"69":{"start":{"line":118,"column":12},"end":{"line":118,"column":21}},"70":{"start":{"line":119,"column":12},"end":{"line":119,"column":19}},"71":{"start":{"line":122,"column":8},"end":{"line":122,"column":38}},"72":{"start":{"line":123,"column":8},"end":{"line":148,"column":9}},"73":{"start":{"line":124,"column":12},"end":{"line":136,"column":13}},"74":{"start":{"line":125,"column":16},"end":{"line":135,"column":19}},"75":{"start":{"line":126,"column":20},"end":{"line":134,"column":22}},"76":{"start":{"line":138,"column":12},"end":{"line":147,"column":15}},"77":{"start":{"line":140,"column":16},"end":{"line":140,"column":48}},"78":{"start":{"line":142,"column":16},"end":{"line":142,"column":39}},"79":{"start":{"line":143,"column":16},"end":{"line":143,"column":89}},"80":{"start":{"line":144,"column":16},"end":{"line":144,"column":74}},"81":{"start":{"line":146,"column":16},"end":{"line":146,"column":28}},"82":{"start":{"line":150,"column":8},"end":{"line":150,"column":45}},"83":{"start":{"line":152,"column":8},"end":{"line":152,"column":40}},"84":{"start":{"line":153,"column":8},"end":{"line":159,"column":9}},"85":{"start":{"line":154,"column":12},"end":{"line":156,"column":15}},"86":{"start":{"line":157,"column":12},"end":{"line":157,"column":21}},"87":{"start":{"line":158,"column":12},"end":{"line":158,"column":19}},"88":{"start":{"line":161,"column":8},"end":{"line":165,"column":9}},"89":{"start":{"line":162,"column":12},"end":{"line":162,"column":33}},"90":{"start":{"line":163,"column":12},"end":{"line":163,"column":21}},"91":{"start":{"line":164,"column":12},"end":{"line":164,"column":19}},"92":{"start":{"line":167,"column":8},"end":{"line":170,"column":11}},"93":{"start":{"line":172,"column":8},"end":{"line":173,"column":29}},"94":{"start":{"line":175,"column":8},"end":{"line":182,"column":11}},"95":{"start":{"line":176,"column":12},"end":{"line":179,"column":13}},"96":{"start":{"line":177,"column":16},"end":{"line":177,"column":28}},"97":{"start":{"line":178,"column":16},"end":{"line":178,"column":23}},"98":{"start":{"line":180,"column":12},"end":{"line":180,"column":37}},"99":{"start":{"line":181,"column":12},"end":{"line":181,"column":21}},"100":{"start":{"line":186,"column":0},"end":{"line":190,"column":1}},"101":{"start":{"line":187,"column":4},"end":{"line":189,"column":7}},"102":{"start":{"line":188,"column":8},"end":{"line":188,"column":29}},"103":{"start":{"line":192,"column":0},"end":{"line":199,"column":1}},"104":{"start":{"line":193,"column":4},"end":{"line":193,"column":74}},"105":{"start":{"line":194,"column":4},"end":{"line":194,"column":60}},"106":{"start":{"line":195,"column":4},"end":{"line":195,"column":97}},"107":{"start":{"line":196,"column":4},"end":{"line":198,"column":13}},"108":{"start":{"line":197,"column":8},"end":{"line":197,"column":27}},"109":{"start":{"line":201,"column":0},"end":{"line":201,"column":21}}},"branchMap":{"1":{"line":24,"type":"binary-expr","locations":[{"start":{"line":24,"column":13},"end":{"line":24,"column":16}},{"start":{"line":24,"column":20},"end":{"line":24,"column":24}}]},"2":{"line":27,"type":"if","locations":[{"start":{"line":27,"column":4},"end":{"line":27,"column":4}},{"start":{"line":27,"column":4},"end":{"line":27,"column":4}}]},"3":{"line":33,"type":"if","locations":[{"start":{"line":33,"column":4},"end":{"line":33,"column":4}},{"start":{"line":33,"column":4},"end":{"line":33,"column":4}}]},"4":{"line":33,"type":"binary-expr","locations":[{"start":{"line":33,"column":8},"end":{"line":33,"column":23}},{"start":{"line":33,"column":27},"end":{"line":33,"column":41}}]},"5":{"line":45,"type":"cond-expr","locations":[{"start":{"line":45,"column":26},"end":{"line":45,"column":55}},{"start":{"line":45,"column":58},"end":{"line":45,"column":96}}]},"6":{"line":58,"type":"cond-expr","locations":[{"start":{"line":58,"column":50},"end":{"line":58,"column":60}},{"start":{"line":58,"column":63},"end":{"line":58,"column":70}}]},"7":{"line":58,"type":"cond-expr","locations":[{"start":{"line":58,"column":94},"end":{"line":58,"column":126}},{"start":{"line":58,"column":130},"end":{"line":58,"column":132}}]},"8":{"line":63,"type":"if","locations":[{"start":{"line":63,"column":16},"end":{"line":63,"column":16}},{"start":{"line":63,"column":16},"end":{"line":63,"column":16}}]},"9":{"line":63,"type":"binary-expr","locations":[{"start":{"line":63,"column":20},"end":{"line":63,"column":35}},{"start":{"line":63,"column":39},"end":{"line":63,"column":55}}]},"10":{"line":72,"type":"cond-expr","locations":[{"start":{"line":72,"column":74},"end":{"line":72,"column":88}},{"start":{"line":72,"column":91},"end":{"line":72,"column":104}}]},"11":{"line":80,"type":"if","locations":[{"start":{"line":80,"column":28},"end":{"line":80,"column":28}},{"start":{"line":80,"column":28},"end":{"line":80,"column":28}}]},"12":{"line":89,"type":"if","locations":[{"start":{"line":89,"column":20},"end":{"line":89,"column":20}},{"start":{"line":89,"column":20},"end":{"line":89,"column":20}}]},"13":{"line":91,"type":"cond-expr","locations":[{"start":{"line":91,"column":128},"end":{"line":91,"column":143}},{"start":{"line":91,"column":146},"end":{"line":91,"column":148}}]},"14":{"line":92,"type":"if","locations":[{"start":{"line":92,"column":28},"end":{"line":92,"column":28}},{"start":{"line":92,"column":28},"end":{"line":92,"column":28}}]},"15":{"line":97,"type":"if","locations":[{"start":{"line":97,"column":28},"end":{"line":97,"column":28}},{"start":{"line":97,"column":28},"end":{"line":97,"column":28}}]},"16":{"line":111,"type":"if","locations":[{"start":{"line":111,"column":8},"end":{"line":111,"column":8}},{"start":{"line":111,"column":8},"end":{"line":111,"column":8}}]},"17":{"line":111,"type":"binary-expr","locations":[{"start":{"line":111,"column":12},"end":{"line":111,"column":15}},{"start":{"line":111,"column":19},"end":{"line":111,"column":31}}]},"18":{"line":116,"type":"if","locations":[{"start":{"line":116,"column":8},"end":{"line":116,"column":8}},{"start":{"line":116,"column":8},"end":{"line":116,"column":8}}]},"19":{"line":123,"type":"if","locations":[{"start":{"line":123,"column":8},"end":{"line":123,"column":8}},{"start":{"line":123,"column":8},"end":{"line":123,"column":8}}]},"20":{"line":124,"type":"if","locations":[{"start":{"line":124,"column":12},"end":{"line":124,"column":12}},{"start":{"line":124,"column":12},"end":{"line":124,"column":12}}]},"21":{"line":124,"type":"binary-expr","locations":[{"start":{"line":124,"column":16},"end":{"line":124,"column":34}},{"start":{"line":124,"column":38},"end":{"line":124,"column":73}}]},"22":{"line":129,"type":"cond-expr","locations":[{"start":{"line":129,"column":65},"end":{"line":129,"column":72}},{"start":{"line":129,"column":75},"end":{"line":129,"column":77}}]},"23":{"line":133,"type":"cond-expr","locations":[{"start":{"line":133,"column":50},"end":{"line":133,"column":57}},{"start":{"line":133,"column":60},"end":{"line":133,"column":67}}]},"24":{"line":143,"type":"cond-expr","locations":[{"start":{"line":143,"column":65},"end":{"line":143,"column":77}},{"start":{"line":143,"column":80},"end":{"line":143,"column":88}}]},"25":{"line":144,"type":"cond-expr","locations":[{"start":{"line":144,"column":48},"end":{"line":144,"column":59}},{"start":{"line":144,"column":62},"end":{"line":144,"column":73}}]},"26":{"line":153,"type":"if","locations":[{"start":{"line":153,"column":8},"end":{"line":153,"column":8}},{"start":{"line":153,"column":8},"end":{"line":153,"column":8}}]},"27":{"line":161,"type":"if","locations":[{"start":{"line":161,"column":8},"end":{"line":161,"column":8}},{"start":{"line":161,"column":8},"end":{"line":161,"column":8}}]},"28":{"line":176,"type":"if","locations":[{"start":{"line":176,"column":12},"end":{"line":176,"column":12}},{"start":{"line":176,"column":12},"end":{"line":176,"column":12}}]},"29":{"line":194,"type":"binary-expr","locations":[{"start":{"line":194,"column":22},"end":{"line":194,"column":37}},{"start":{"line":194,"column":41},"end":{"line":194,"column":59}}]},"30":{"line":195,"type":"binary-expr","locations":[{"start":{"line":195,"column":21},"end":{"line":195,"column":35}},{"start":{"line":195,"column":40},"end":{"line":195,"column":95}}]},"31":{"line":195,"type":"cond-expr","locations":[{"start":{"line":195,"column":57},"end":{"line":195,"column":75}},{"start":{"line":195,"column":78},"end":{"line":195,"column":95}}]},"32":{"line":196,"type":"binary-expr","locations":[{"start":{"line":196,"column":21},"end":{"line":196,"column":35}},{"start":{"line":196,"column":39},"end":{"line":198,"column":6}},{"start":{"line":198,"column":10},"end":{"line":198,"column":12}}]}},"code":["\"use strict\";","","var async = require(\"async\");","var childProcess = require(\"child_process\");","var filter = require(\"./filter\");","var EventEmitter = require(\"./EventEmitter.js\");","var fs = require(\"fs\");","var path = require(\"path\");","","var defaultTestCmdNpm = \"npm test\";","var defaultTestCmdYarn = \"yarn test\";","","function run(config, done) {","    var emitter = new EventEmitter();","    var testCmd;","    var reporter;","","    function exec(cmd, cb) {","        childProcess.exec(cmd, { maxBuffer: Infinity, encoding: \"utf8\", cwd: config.cwd }, cb);","    }","","    function finish(err) {","        emitter.removeAllListeners();","        done(err || null);","    }","","    if (typeof config.cwd !== \"string\") {","        throw new Error(\"Cannot run updtr: cwd missing\");","    }","","    sanitizeConfig(config);","","    if (config.registry && config.useYarn) {","        throw new Error(\"`yarn add` does not support custom registries yet. Please use a .npmrc file to achieve this.\");","    }","","    reporter = config.reporter;","    testCmd = config.testCmd;","","    reporter(emitter);","","    emitter.emit(\"init\", {","        cwd: config.cwd","    });","    exec(config.useYarn ? \"yarn outdated --json --flat\" : \"npm outdated --json --long --depth=0\", function (err, stdout) {","        var missing;","        var outdated;","        var infos = [];","        var tasks;","","        function createTask(info, index) {","            return function (done) {","                var event = {","                    current: index + 1, // index is zero-based","                    total: tasks.length,","                    info: info,","                    testCmd: testCmd,","                    installCmd: (config.useYarn ? \"yarn add\" : \"npm i\") + (config.registry ? (\" --registry \" + config.registry) : \"\")","                };","                var testStdout;","                var installCmd;","","                if (!config.useYarn && config.saveExact) {","                    event.installCmd += \" --save-exact\";","                }","","                installCmd = event.installCmd + \" \" + info.name + \"@\" + info.updateTo + \" \" + info.saveCmd;","","                emitter.emit(\"updating\", event);","","                async.series({","                    deleteOldVersion: async.apply(exec, (config.useYarn ? \"yarn remove \" : \"npm remove \") + info.name + \" \" + info.saveCmd),","                    installNewVersion: async.apply(exec, installCmd),","                    emitTestingEvent: function (done) {","                        emitter.emit(\"testing\", event);","                        setImmediate(done);","                    },","                    runTests: function runTests(callback) {","                        exec(testCmd, function (err, stdout, stderr) {","                            if (err) {","                                testStdout = stdout;","                                callback(err);","                                return;","                            }","                            callback(null, stdout, stderr);","                        });","                    }","                }, function (err) {","                    if (err) {","                        emitter.emit(\"rollback\", event);","                        exec(event.installCmd + \" \" + info.name + \"@\" + info.current + \" \" + info.saveCmd + (config.saveExact ? \" --save-exact\" : \"\"), function (err) {","                            if (err) {","                                finish(err);","                                return;","                            }","                            emitter.emit(\"rollbackDone\", event);","                            if (config.testStdout) {","                                event.testStdout = testStdout;","                                emitter.emit(\"testStdout\", event);","                            }","                            done();","                        });","                        return;","                    }","                    emitter.emit(\"updatingDone\", event);","                    done();","                });","            };","        }","","        if (err && err.code > 1) {","            finish(err);","            return;","        }","","        if (!stdout) {","            emitter.emit(\"noop\");","            finish();","            return;","        }","","        outdated = JSON.parse(stdout);","        if (config.useYarn) {","            if (\"data\" in outdated && outdated.data.body instanceof Array) {","                infos = outdated.data.body.map(function (info) {","                    return {","                        name: info[0],","                        current: info[1],","                        saveCmd: info[4] === \"devDependencies\" ? \"--dev\" : \"\",","                        type: info[4],","                        wanted: info[2],","                        latest: info[3],","                        updateTo: config.wanted ? info[2] : info[3]","                    };","                });","            }","        } else {","            infos = Object.keys(outdated)","            .map(function (moduleName) {","                var info = outdated[moduleName];","","                info.name = moduleName;","                info.saveCmd = info.type === \"devDependencies\" ? \"--save-dev\" : \"--save\";","                info.updateTo = config.wanted ? info.wanted : info.latest;","","                return info;","            });","        }","","        infos = infos.filter(filter(config));","","        missing = modulesMissing(infos);","        if (missing.length > 0) {","            emitter.emit(\"modulesMissing\", {","                infos: missing","            });","            finish();","            return;","        }","","        if (infos.length === 0) {","            emitter.emit(\"noop\");","            finish();","            return;","        }","","        emitter.emit(\"outdated\", {","            infos: infos,","            total: infos.length","        });","","        tasks = infos","            .map(createTask);","","        async.series(tasks, function (err) {","            if (err) {","                finish(err);","                return;","            }","            emitter.emit(\"finished\");","            finish();","        });","    });","}","","function modulesMissing(infos) {","    return infos.filter(function (info) {","        return !info.current;","    });","}","","function sanitizeConfig(config) {","    config.useYarn = fs.existsSync(path.resolve(config.cwd, \"yarn.lock\"));","    config.reporter = config.reporter || Function.prototype;","    config.testCmd = config.testCmd || (config.useYarn ? defaultTestCmdYarn : defaultTestCmdNpm);","    config.exclude = config.exclude && config.exclude.split(\",\").map(function (name) {","        return name.trim();","    }) || [];","}","","module.exports = run;",""],"l":{"3":1,"4":1,"5":1,"6":1,"7":1,"8":1,"10":1,"11":1,"13":1,"14":0,"15":0,"16":0,"18":1,"19":0,"22":1,"23":0,"24":0,"27":0,"28":0,"31":0,"33":0,"34":0,"37":0,"38":0,"40":0,"42":0,"45":0,"46":0,"47":0,"48":0,"49":0,"51":1,"52":0,"53":0,"60":0,"61":0,"63":0,"64":0,"67":0,"69":0,"71":0,"75":0,"76":0,"79":0,"80":0,"81":0,"82":0,"83":0,"85":0,"89":0,"90":0,"91":0,"92":0,"93":0,"94":0,"96":0,"97":0,"98":0,"99":0,"101":0,"103":0,"105":0,"106":0,"111":0,"112":0,"113":0,"116":0,"117":0,"118":0,"119":0,"122":0,"123":0,"124":0,"125":0,"126":0,"138":0,"140":0,"142":0,"143":0,"144":0,"146":0,"150":0,"152":0,"153":0,"154":0,"157":0,"158":0,"161":0,"162":0,"163":0,"164":0,"167":0,"172":0,"175":0,"176":0,"177":0,"178":0,"180":0,"181":0,"186":1,"187":0,"188":0,"192":1,"193":0,"194":0,"195":0,"196":0,"197":0,"201":1}},"/home/travis/build/npmtest/node-npmtest-updtr/node_modules/updtr/lib/filter.js":{"path":"/home/travis/build/npmtest/node-npmtest-updtr/node_modules/updtr/lib/filter.js","s":{"1":1,"2":1,"3":0,"4":1,"5":0,"6":1,"7":0,"8":1,"9":0,"10":0,"11":1,"12":0,"13":1,"14":0,"15":0,"16":1},"b":{"1":[0,0],"2":[0,0,0],"3":[0,0,0,0,0]},"f":{"1":0,"2":0,"3":0,"4":0,"5":0,"6":0,"7":0,"8":0},"fnMap":{"1":{"name":"isExoticDependency","line":5,"loc":{"start":{"line":5,"column":0},"end":{"line":5,"column":34}}},"2":{"name":"isAlreadyInstalled","line":9,"loc":{"start":{"line":9,"column":0},"end":{"line":9,"column":34}}},"3":{"name":"isUnstable","line":13,"loc":{"start":{"line":13,"column":0},"end":{"line":13,"column":26}}},"4":{"name":"isExcluded","line":18,"loc":{"start":{"line":18,"column":0},"end":{"line":18,"column":35}}},"5":{"name":"(anonymous_5)","line":19,"loc":{"start":{"line":19,"column":23},"end":{"line":19,"column":39}}},"6":{"name":"isCurrentGreaterThanUpdateTo","line":24,"loc":{"start":{"line":24,"column":0},"end":{"line":24,"column":44}}},"7":{"name":"filter","line":28,"loc":{"start":{"line":28,"column":0},"end":{"line":28,"column":24}}},"8":{"name":"(anonymous_8)","line":29,"loc":{"start":{"line":29,"column":11},"end":{"line":29,"column":27}}}},"statementMap":{"1":{"start":{"line":3,"column":0},"end":{"line":3,"column":31}},"2":{"start":{"line":5,"column":0},"end":{"line":7,"column":1}},"3":{"start":{"line":6,"column":4},"end":{"line":6,"column":57}},"4":{"start":{"line":9,"column":0},"end":{"line":11,"column":1}},"5":{"start":{"line":10,"column":4},"end":{"line":10,"column":42}},"6":{"start":{"line":13,"column":0},"end":{"line":16,"column":1}},"7":{"start":{"line":15,"column":4},"end":{"line":15,"column":71}},"8":{"start":{"line":18,"column":0},"end":{"line":22,"column":1}},"9":{"start":{"line":19,"column":4},"end":{"line":21,"column":33}},"10":{"start":{"line":20,"column":8},"end":{"line":20,"column":27}},"11":{"start":{"line":24,"column":0},"end":{"line":26,"column":1}},"12":{"start":{"line":25,"column":4},"end":{"line":25,"column":102}},"13":{"start":{"line":28,"column":0},"end":{"line":36,"column":1}},"14":{"start":{"line":29,"column":4},"end":{"line":35,"column":6}},"15":{"start":{"line":30,"column":8},"end":{"line":34,"column":57}},"16":{"start":{"line":38,"column":0},"end":{"line":38,"column":24}}},"branchMap":{"1":{"line":15,"type":"binary-expr","locations":[{"start":{"line":15,"column":19},"end":{"line":15,"column":32}},{"start":{"line":15,"column":36},"end":{"line":15,"column":69}}]},"2":{"line":25,"type":"binary-expr","locations":[{"start":{"line":25,"column":19},"end":{"line":25,"column":31}},{"start":{"line":25,"column":35},"end":{"line":25,"column":58}},{"start":{"line":25,"column":62},"end":{"line":25,"column":100}}]},"3":{"line":30,"type":"binary-expr","locations":[{"start":{"line":30,"column":15},"end":{"line":30,"column":49}},{"start":{"line":31,"column":12},"end":{"line":31,"column":46}},{"start":{"line":32,"column":12},"end":{"line":32,"column":38}},{"start":{"line":33,"column":12},"end":{"line":33,"column":54}},{"start":{"line":34,"column":12},"end":{"line":34,"column":56}}]}},"code":["\"use strict\";","","var semver = require(\"semver\");","","function isExoticDependency(info) {","    return [\"git\", \"exotic\"].indexOf(info.latest) !== -1;","}","","function isAlreadyInstalled(info) {","    return info.updateTo === info.current;","}","","function isUnstable(info) {","    // Check for hyphen in version string as this is a prerelease version according to SemVer","    return Boolean(info.updateTo && info.updateTo.indexOf(\"-\") !== -1);","}","","function isExcluded(info, exclude) {","    return exclude.map(function (name) {","        return name.trim();","    }).indexOf(info.name) !== -1;","}","","function isCurrentGreaterThanUpdateTo(info) {","    return Boolean(info.current && info.updateTo !== \"git\" && semver.gt(info.current, info.updateTo));","}","","function filter(config) {","    return function (info) {","        return isExoticDependency(info) === false &&","            isAlreadyInstalled(info) === false &&","            isUnstable(info) === false &&","            isExcluded(info, config.exclude) === false &&","            isCurrentGreaterThanUpdateTo(info) === false;","    };","}","","module.exports = filter;",""],"l":{"3":1,"5":1,"6":0,"9":1,"10":0,"13":1,"15":0,"18":1,"19":0,"20":0,"24":1,"25":0,"28":1,"29":0,"30":0,"38":1}},"/home/travis/build/npmtest/node-npmtest-updtr/node_modules/updtr/lib/EventEmitter.js":{"path":"/home/travis/build/npmtest/node-npmtest-updtr/node_modules/updtr/lib/EventEmitter.js","s":{"1":1,"2":1,"3":1,"4":0,"5":1},"b":{"1":[0,1]},"f":{},"fnMap":{},"statementMap":{"1":{"start":{"line":3,"column":0},"end":{"line":3,"column":31}},"2":{"start":{"line":4,"column":0},"end":{"line":4,"column":26}},"3":{"start":{"line":6,"column":0},"end":{"line":8,"column"
[...]
column":8},"end":{"line":31,"column":25}},"21":{"start":{"line":34,"column":4},"end":{"line":55,"column":5}},"22":{"start":{"line":35,"column":8},"end":{"line":35,"column":57}},"23":{"start":{"line":36,"column":8},"end":{"line":36,"column":43}},"24":{"start":{"line":37,"column":8},"end":{"line":37,"column":35}},"25":{"start":{"line":39,"column":8},"end":{"line":46,"column":9}},"26":{"start":{"line":40,"column":12},"end":{"line":40,"column":32}},"27":{"start":{"line":41,"column":12},"end":{"line":41,"column":28}},"28":{"start":{"line":42,"column":15},"end":{"line":46,"column":9}},"29":{"start":{"line":43,"column":12},"end":{"line":43,"column":34}},"30":{"start":{"line":45,"column":12},"end":{"line":45,"column":33}},"31":{"start":{"line":48,"column":8},"end":{"line":54,"column":21}},"32":{"start":{"line":58,"column":4},"end":{"line":58,"column":22}},"33":{"start":{"line":60,"column":4},"end":{"line":62,"column":7}},"34":{"start":{"line":61,"column":8},"end":{"line":61,"column":52}},"35":{"start":{"line":63,"column":4},"end":{"line":65,"column":7}},"36":{"start":{"line":64,"column":8},"end":{"line":64,"column":73}},"37":{"start":{"line":66,"column":4},"end":{"line":68,"column":7}},"38":{"start":{"line":67,"column":8},"end":{"line":67,"column":58}},"39":{"start":{"line":69,"column":4},"end":{"line":73,"column":7}},"40":{"start":{"line":70,"column":8},"end":{"line":70,"column":96}},"41":{"start":{"line":71,"column":8},"end":{"line":71,"column":24}},"42":{"start":{"line":72,"column":8},"end":{"line":72,"column":68}},"43":{"start":{"line":74,"column":4},"end":{"line":78,"column":7}},"44":{"start":{"line":75,"column":8},"end":{"line":75,"column":30}},"45":{"start":{"line":77,"column":8},"end":{"line":77,"column":138}},"46":{"start":{"line":79,"column":4},"end":{"line":81,"column":7}},"47":{"start":{"line":80,"column":8},"end":{"line":80,"column":60}},"48":{"start":{"line":82,"column":4},"end":{"line":84,"column":7}},"49":{"start":{"line":83,"column":8},"end":{"line":83,"column":63}},"50":{"start":{"line":85,"column":4},"end":{"line":90,"column":7}},"51":{"start":{"line":86,"column":8},"end":{"line":86,"column":30}},"52":{"start":{"line":88,"column":8},"end":{"line":88,"column":74}},"53":{"start":{"line":89,"column":8},"end":{"line":89,"column":25}},"54":{"start":{"line":91,"column":4},"end":{"line":93,"column":7}},"55":{"start":{"line":92,"column":8},"end":{"line":92,"column":38}},"56":{"start":{"line":94,"column":4},"end":{"line":99,"column":7}},"57":{"start":{"line":95,"column":8},"end":{"line":95,"column":30}},"58":{"start":{"line":97,"column":8},"end":{"line":97,"column":77}},"59":{"start":{"line":98,"column":8},"end":{"line":98,"column":25}},"60":{"start":{"line":100,"column":4},"end":{"line":103,"column":7}},"61":{"start":{"line":101,"column":8},"end":{"line":101,"column":24}},"62":{"start":{"line":102,"column":8},"end":{"line":102,"column":32}},"63":{"start":{"line":106,"column":0},"end":{"line":106,"column":33}}},"branchMap":{"1":{"line":13,"type":"if","locations":[{"start":{"line":13,"column":8},"end":{"line":13,"column":8}},{"start":{"line":13,"column":8},"end":{"line":13,"column":8}}]},"2":{"line":23,"type":"if","locations":[{"start":{"line":23,"column":8},"end":{"line":23,"column":8}},{"start":{"line":23,"column":8},"end":{"line":23,"column":8}}]},"3":{"line":26,"type":"if","locations":[{"start":{"line":26,"column":8},"end":{"line":26,"column":8}},{"start":{"line":26,"column":8},"end":{"line":26,"column":8}}]},"4":{"line":39,"type":"if","locations":[{"start":{"line":39,"column":8},"end":{"line":39,"column":8}},{"start":{"line":39,"column":8},"end":{"line":39,"column":8}}]},"5":{"line":42,"type":"if","locations":[{"start":{"line":42,"column":15},"end":{"line":42,"column":15}},{"start":{"line":42,"column":15},"end":{"line":42,"column":15}}]},"6":{"line":70,"type":"cond-expr","locations":[{"start":{"line":70,"column":86},"end":{"line":70,"column":88}},{"start":{"line":70,"column":91},"end":{"line":70,"column":94}}]}},"code":["\"use strict\";","","var Spinner = require(\"cli-spinner\").Spinner;","var unicons = require(\"unicons\");","","var util = require(\"./util\");","","function defaultReporter(emitter) {","    var currentLine = \"\";","    var spinner;","","    function logProgress(message) {","        if (spinner) {","            spinner.stop();","        }","        currentLine = message;","        spinner = new Spinner(message + \"... \".grey + \"%s \");","        spinner.setSpinnerString(19);","        spinner.start();","    }","","    function finishProgress(message) {","        if (spinner) {","            spinner.stop(true);","        }","        if (message) {","            console.log.apply(console, arguments);","        } else {","            console.log(currentLine);","        }","        currentLine = \"\";","    }","","    function logUpdateProgress(event, status, message) {","        var progress = event.current + \"/\" + event.total;","        var circle = unicons.cli(\"circle\");","        var name = event.info.name;","","        if (status === \"error\") {","            circle = circle.red;","            name = name.red;","        } else if (status === \"success\") {","            circle = circle.green;","        } else {","            circle = circle.grey;","        }","","        logProgress([","            progress.grey,","            \"\\t\",","            circle,","            name,","            message","        ].join(\" \"));","    }","","    // Activate colors by extending String.prototype","    require(\"colors\");","","    emitter.on(\"init\", function () {","        logProgress(\"Looking for outdated modules\");","    });","    emitter.on(\"noop\", function () {","        finishProgress(\"No outdated modules found. Are they installed?\");","    });","    emitter.on(\"modulesMissing\", function (event) {","        finishProgress(util.modulesMissingMessage(event));","    });","    emitter.on(\"outdated\", function (event) {","        finishProgress(\"Found %s outdated module%s\", event.total, event.total === 1 ? \"\" : \"s\");","        console.log(\"\");","        console.log(\"Starting to update your modules\" + \"...\".grey);","    });","    emitter.on(\"updating\", function (event) {","        var info = event.info;","","        logUpdateProgress(event, \"pending\", \"updating \".grey + info.current + \" \" + unicons.cli(\"arrowRight\").grey + \" \" + info.updateTo);","    });","    emitter.on(\"testing\", function (event) {","        logUpdateProgress(event, \"pending\", \"testing\".grey);","    });","    emitter.on(\"rollback\", function (event) {","        logUpdateProgress(event, \"error\", \"rolling back\".grey);","    });","    emitter.on(\"rollbackDone\", function (event) {","        var info = event.info;","","        logUpdateProgress(event, \"error\", info.updateTo + \" failed\".grey);","        finishProgress();","    });","    emitter.on(\"testStdout\", function (event) {","        console.log(event.testStdout);","    });","    emitter.on(\"updatingDone\", function (event) {","        var info = event.info;","","        logUpdateProgress(event, \"success\", info.updateTo + \" success\".grey);","        finishProgress();","    });","    emitter.on(\"finished\", function () {","        console.log(\"\");","        console.log(\"Finished\");","    });","}","","module.exports = defaultReporter;",""],"l":{"3":1,"4":1,"6":1,"8":1,"9":0,"10":0,"12":1,"13":0,"14":0,"16":0,"17":0,"18":0,"19":0,"22":1,"23":0,"24":0,"26":0,"27":0,"29":0,"31":0,"34":1,"35":0,"36":0,"37":0,"39":0,"40":0,"41":0,"42":0,"43":0,"45":0,"48":0,"58":0,"60":0,"61":0,"63":0,"64":0,"66":0,"67":0,"69":0,"70":0,"71":0,"72":0,"74":0,"75":0,"77":0,"79":0,"80":0,"82":0,"83":0,"85":0,"86":0,"88":0,"89":0,"91":0,"92":0,"94":0,"95":0,"97":0,"98":0,"100":0,"101":0,"102":0,"106":1}},"/home/travis/build/npmtest/node-npmtest-updtr/node_modules/updtr/lib/reporters/util.js":{"path":"/home/travis/build/npmtest/node-npmtest-updtr/node_modules/updtr/lib/reporters/util.js","s":{"1":1,"2":0,"3":0,"4":0,"5":1},"b":{},"f":{"1":0,"2":0},"fnMap":{"1":{"name":"modulesMissingMessage","line":3,"loc":{"start":{"line":3,"column":0},"end":{"line":3,"column":38}}},"2":{"name":"(anonymous_2)","line":4,"loc":{"start":{"line":4,"column":37},"end":{"line":4,"column":53}}}},"statementMap":{"1":{"start":{"line":3,"column":0},"end":{"line":10,"column":1}},"2":{"start":{"line":4,"column":4},"end":{"line":6,"column":18}},"3":{"start":{"line":5,"column":8},"end":{"line":5,"column":25}},"4":{"start":{"line":8,"column":4},"end":{"line":9,"column":56}},"5":{"start":{"line":12,"column":0},"end":{"line":14,"column":2}}},"branchMap":{},"code":["\"use strict\";","","function modulesMissingMessage(event) {","    var moduleList = event.infos.map(function (info) {","        return info.name;","    }).join(\", \");","","    return \"Some modules are not installed: \" + moduleList +","           \". Please install with 'npm install' first.\";","}","","module.exports = {","    modulesMissingMessage: modulesMissingMessage","};","",""],"l":{"3":1,"4":0,"5":0,"8":0,"12":1}},"/home/travis/build/npmtest/node-npmtest-updtr/node_modules/updtr/lib/reporters/shy.js":{"path":"/home/travis/build/npmtest/node-npmtest-updtr/node_modules/updtr/lib/reporters/shy.js","s":{"1":1,"2":1},"b":{},"f":{"1":0},"fnMap":{"1":{"name":"shyReporter","line":3,"loc":{"start":{"line":3,"column":0},"end":{"line":3,"column":23}}}},"statementMap":{"1":{"start":{"line":3,"column":0},"end":{"line":4,"column":1}},"2":{"start":{"line":6,"column":0},"end":{"line":6,"column":29}}},"branchMap":{},"code":["\"use strict\";","","function shyReporter() {","}","","module.exports = shyReporter;",""],"l":{"3":1,"6":1}},"/home/travis/build/npmtest/node-npmtest-updtr/node_modules/updtr/lib/reporters/simple.js":{"path":"/home/travis/build/npmtest/node-npmtest-updtr/node_modules/updtr/lib/reporters/simple.js","s":{"1":1,"2":1,"3":1,"4":0,"5":1,"6":0,"7":0,"8":1,"9":0,"10":0,"11":0,"12":0,"13":1,"14":0,"15":0,"16":0,"17":0,"18":0,"19":0,"20":0,"21":0,"22":0,"23":0,"24":0,"25":0,"26":0,"27":0,"28":0,"29":0,"30":0,"31":0,"32":0,"33":0,"34":0,"35":0,"36":0,"37":0,"38":0,"39":0,"40":0,"41":0,"42":0,"43":0,"44":0,"45":0,"46":0,"47":0,"48":0,"49":0,"50":0,"51":0,"52":0,"53":0,"54":0,"55":1},"b":{"1":[0,0],"2":[0,0],"3":[0,0],"4":[0,0]},"f":{"1":0,"2":0,"3":0,"4":0,"5":0,"6":0,"7":0,"8":0,"9":0,"10":0,"11":0,"12":0,"13":0,"14":0,"15":0},"fnMap":{"1":{"name":"defaultReporter","line":7,"loc":{"start":{"line":7,"column":0},"end":{"line":7,"column":34}}},"2":{"name":"logProgress","line":10,"loc":{"start":{"line":10,"column":4},"end":{"line":10,"column":34}}},"3":{"name":"finishProgress","line":15,"loc":{"start":{"line":15,"column":4},"end":{"line":15,"column":37}}},"4":{"name":"logUpdateProgress","line":24,"loc":{"start":{"line":24,"column":4},"end":{"line":24,"column":55}}},"5":{"name":"(anonymous_5)","line":50,"loc":{"start":{"line":50,"column":23},"end":{"line":50,"column":35}}},"6":{"name":"(anonymous_6)","line":53,"loc":{"start":{"line":53,"column":23},"end":{"line":53,"column":35}}},"7":{"name":"(anonymous_7)","line":56,"loc":{"start":{"line":56,"column":33},"end":{"line":56,"column":50}}},"8":{"name":"(anonymous_8)","line":59,"loc":{"start":{"line":59,"column":27},"end":{"line":59,"column":44}}},"9":{"name":"(anonymous_9)","line":64,"loc":{"start":{"line":64,"column":27},"end":{"line":64,"column":44}}},"10":{"name":"(anonymous_10)","line":69,"loc":{"start":{"line":69,"column":26},"end":{"line":69,"column":43}}},"11":{"name":"(anonymous_11)","line":72,"loc":{"start":{"line":72,"column":27},"end":{"line":72,"column":44}}},"12":{"name":"(anonymous_12)","line":75,"loc":{"start":{"line":75,"column":31},"end":{"line":75,"column":48}}},"13":{"name":"(anonymous_13)","line":81,"loc":{"start":{"line":81,"column":29},"end":{"line":81,"column":46}}},"14":{"name":"(anonymous_14)","line":84,"loc":{"start":{"line":84,"column":31},"end":{"line":84,"column":48}}},"15":{"name":"(anonymous_15)","line":90,"loc":{"start":{"line":90,"column":27},"end":{"line":90,"column":39}}}},"statementMap":{"1":{"start":{"line":3,"column":0},"end":{"line":3,"column":33}},"2":{"start":{"line":5,"column":0},"end":{"line":5,"column":29}},"3":{"start":{"line":7,"column":0},"end":{"line":94,"column":1}},"4":{"start":{"line":8,"column":4},"end":{"line":8,"column":25}},"5":{"start":{"line":10,"column":4},"end":{"line":13,"column":5}},"6":{"start":{"line":11,"column":8},"end":{"line":11,"column":30}},"7":{"start":{"line":12,"column":8},"end":{"line":12,"column":43}},"8":{"start":{"line":15,"column":4},"end":{"line":22,"column":5}},"9":{"start":{"line":16,"column":8},"end":{"line":20,"column":9}},"10":{"start":{"line":17,"column":12},"end":{"line":17,"column":50}},"11":{"start":{"line":19,"column":12},"end":{"line":19,"column":37}},"12":{"start":{"line":21,"column":8},"end":{"line":21,"column":25}},"13":{"start":{"line":24,"column":4},"end":{"line":45,"column":5}},"14":{"start":{"line":25,"column":8},"end":{"line":25,"column":57}},"15":{"start":{"line":26,"column":8},"end":{"line":26,"column":43}},"16":{"start":{"line":27,"column":8},"end":{"line":27,"column":35}},"17":{"start":{"line":29,"column":8},"end":{"line":36,"column":9}},"18":{"start":{"line":30,"column":12},"end":{"line":30,"column":32}},"19":{"start":{"line":31,"column":12},"end":{"line":31,"column":28}},"20":{"start":{"line":32,"column":15},"end":{"line":36,"column":9}},"21":{"start":{"line":33,"column":12},"end":{"line":33,"column":34}},"22":{"start":{"line":35,"column":12},"end":{"line":35,"column":33}},"23":{"start":{"line":38,"column":8},"end":{"line":44,"column":21}},"24":{"start":{"line":48,"column":4},"end":{"line":48,"column":22}},"25":{"start":{"line":50,"column":4},"end":{"line":52,"column":7}},"26":{"start":{"line":51,"column":8},"end":{"line":51,"column":52}},"27":{"start":{"line":53,"column":4},"end":{"line":55,"column":7}},"28":{"start":{"line":54,"column":8},"end":{"line":54,"column":73}},"29":{"start":{"line":56,"column":4},"end":{"line":58,"column":7}},"30":{"start":{"line":57,"column":8},"end":{"line":57,"column":58}},"31":{"start":{"line":59,"column":4},"end":{"line":63,"column":7}},"32":{"start":{"line":60,"column":8},"end":{"line":60,"column":96}},"33":{"start":{"line":61,"column":8},"end":{"line":61,"column":24}},"34":{"start":{"line":62,"column":8},"end":{"line":62,"column":68}},"35":{"start":{"line":64,"column":4},"end":{"line":68,"column":7}},"36":{"start":{"line":65,"column":8},"end":{"line":65,"column":30}},"37":{"start":{"line":67,"column":8},"end":{"line":67,"column":138}},"38":{"start":{"line":69,"column":4},"end":{"line":71,"column":7}},"39":{"start":{"line":70,"column":8},"end":{"line":70,"column":60}},"40":{"start":{"line":72,"column":4},"end":{"line":74,"column":7}},"41":{"start":{"line":73,"column":8},"end":{"line":73,"column":63}},"42":{"start":{"line":75,"column":4},"end":{"line":80,"column":7}},"43":{"start":{"line":76,"column":8},"end":{"line":76,"column":30}},"44":{"start":{"line":78,"column":8},"end":{"line":78,"column":74}},"45":{"start":{"line":79,"column":8},"end":{"line":79,"column":24}},"46":{"start":{"line":81,"column":4},"end":{"line":83,"column":7}},"47":{"start":{"line":82,"column":8},"end":{"line":82,"column":38}},"48":{"start":{"line":84,"column":4},"end":{"line":89,"column":7}},"49":{"start":{"line":85,"column":8},"end":{"line":85,"column":30}},"50":{"start":{"line":87,"column":8},"end":{"line":87,"column":77}},"51":{"start":{"line":88,"column":8},"end":{"line":88,"column":24}},"52":{"start":{"line":90,"column":4},"end":{"line":93,"column":7}},"53":{"start":{"line":91,"column":8},"end":{"line":91,"column":24}},"54":{"start":{"line":92,"column":8},"end":{"line":92,"column":32}},"55":{"start":{"line":96,"column":0},"end":{"line":96,"column":33}}},"branchMap":{"1":{"line":16,"type":"if","locations":[{"start":{"line":16,"column":8},"end":{"line":16,"column":8}},{"start":{"line":16,"column":8},"end":{"line":16,"column":8}}]},"2":{"line":29,"type":"if","locations":[{"start":{"line":29,"column":8},"end":{"line":29,"column":8}},{"start":{"line":29,"column":8},"end":{"line":29,"column":8}}]},"3":{"line":32,"type":"if","locations":[{"start":{"line":32,"column":15},"end":{"line":32,"column":15}},{"start":{"line":32,"column":15},"end":{"line":32,"column":15}}]},"4":{"line":60,"type":"cond-expr","locations":[{"start":{"line":60,"column":86},"end":{"line":60,"column":88}},{"start":{"line":60,"column":91},"end":{"line":60,"column":94}}]}},"code":["\"use strict\";","","var unicons = require(\"unicons\");","","var util = require(\"./util\");","","function defaultReporter(emitter) {","    var currentLine = \"\";","","    function logProgress(message) {","        currentLine = message;","        console.log(message + \"... \".grey);","    }","","    function finishProgress(message) {","        if (message) {","            console.log.apply(console, arguments);","        } else {","            console.log(currentLine);","        }","        currentLine = \"\";","    }","","    function logUpdateProgress(event, status, message) {","        var progress = event.current + \"/\" + event.total;","        var circle = unicons.cli(\"circle\");","        var name = event.info.name;","","        if (status === \"error\") {","            circle = circle.red;","            name = name.red;","        } else if (status === \"success\") {","            circle = circle.green;","        } else {","            circle = circle.grey;","        }","","        logProgress([","            progress.grey,","            \"\\t\",","            circle,","            name,","            message","        ].join(\" \"));","    }","","    // Activate colors by extending String.prototype","    require(\"colors\");","","    emitter.on(\"init\", function () {","        logProgress(\"Looking for outdated modules\");","    });","    emitter.on(\"noop\", function () {","        finishProgress(\"No outdated modules found. Are they installed?\");","    });","    emitter.on(\"modulesMissing\", function (event) {","        finishProgress(util.modulesMissingMessage(event));","    });","    emitter.on(\"outdated\", function (event) {","        finishProgress(\"Found %s outdated module%s\", event.total, event.total === 1 ? \"\" : \"s\");","        console.log(\"\");","        console.log(\"Starting to update your modules\" + \"...\".grey);","    });","    emitter.on(\"updating\", function (event) {","        var info = event.info;","","        logUpdateProgress(event, \"pending\", \"updating \".grey + info.current + \" \" + unicons.cli(\"arrowRight\").grey + \" \" + info.updateTo);","    });","    emitter.on(\"testing\", function (event) {","        logUpdateProgress(event, \"pending\", \"testing\".grey);","    });","    emitter.on(\"rollback\", function (event) {","        logUpdateProgress(event, \"error\", \"rolling back\".grey);","    });","    emitter.on(\"rollbackDone\", function (event) {","        var info = event.info;","","        logUpdateProgress(event, \"error\", info.updateTo + \" failed\".grey);","        console.log(\"\");","    });","    emitter.on(\"testStdout\", function (event) {","        console.log(event.testStdout);","    });","    emitter.on(\"updatingDone\", function (event) {","        var info = event.info;","","        logUpdateProgress(event, \"success\", info.updateTo + \" success\".grey);","        console.log(\"\");","    });","    emitter.on(\"finished\", function () {","        console.log(\"\");","        console.log(\"Finished\");","    });","}","","module.exports = defaultReporter;",""],"l":{"3":1,"5":1,"7":1,"8":0,"10":1,"11":0,"12":0,"15":1,"16":0,"17":0,"19":0,"21":0,"24":1,"25":0,"26":0,"27":0,"29":0,"30":0,"31":0,"32":0,"33":0,"35":0,"38":0,"48":0,"50":0,"51":0,"53":0,"54":0,"56":0,"57":0,"59":0,"60":0,"61":0,"62":0,"64":0,"65":0,"67":0,"69":0,"70":0,"72":0,"73":0,"75":0,"76":0,"78":0,"79":0,"81":0,"82":0,"84":0,"85":0,"87":0,"88":0,"90":0,"91":0,"92":0,"96":1}}}